#
# There is insufficient memory for the Java Runtime Environment to continue.
# Native memory allocation (malloc) failed to allocate 90064 bytes for Chunk::new
# Possible reasons:
#   The system is out of physical RAM or swap space
#   In 32 bit mode, the process size limit was hit
# Possible solutions:
#   Reduce memory load on the system
#   Increase physical memory or swap space
#   Check if swap backing store is full
#   Use 64 bit Java on a 64 bit OS
#   Decrease Java heap size (-Xmx/-Xms)
#   Decrease number of Java threads
#   Decrease Java thread stack sizes (-Xss)
#   Set larger code cache with -XX:ReservedCodeCacheSize=
# This output file may be truncated or incomplete.
#
#  Out of Memory Error (allocation.cpp:390), pid=13104, tid=0x0000000000002044
#
# JRE version: Java(TM) SE Runtime Environment (8.0_144-b01) (build 1.8.0_144-b01)
# Java VM: Java HotSpot(TM) 64-Bit Server VM (25.144-b01 mixed mode windows-amd64 compressed oops)
# Failed to write core dump. Minidumps are not enabled by default on client versions of Windows
#

---------------  T H R E A D  ---------------

Current thread (0x00000000167ee800):  JavaThread "C2 CompilerThread0" daemon [_thread_in_native, id=8260, stack(0x0000000017e70000,0x0000000017f70000)]

Stack: [0x0000000017e70000,0x0000000017f70000]
[error occurred during error reporting (printing stack bounds), id 0xc0000005]

Native frames: (J=compiled Java code, j=interpreted, Vv=VM code, C=native code)


Current CompileTask:
C2:   6818 4387   !   4       java.io.WinNTFileSystem::resolve (362 bytes)


---------------  P R O C E S S  ---------------

Java Threads: ( => current thread )
  0x000000001998a000 JavaThread "Memory manager" [_thread_blocked, id=15124, stack(0x0000000021a30000,0x0000000021b30000)]
  0x0000000019989000 JavaThread "build operations" [_thread_blocked, id=13988, stack(0x0000000021e90000,0x0000000021f90000)]
  0x0000000019988800 JavaThread "Cache worker for Artifact transforms cache (C:\Users\graefca\.gradle\caches\transforms-1)" [_thread_blocked, id=13356, stack(0x000000001b760000,0x000000001b860000)]
  0x0000000019987000 JavaThread "Cache worker for file hash cache (C:\git\skysail-server\.gradle\4.3\fileHashes)" [_thread_blocked, id=10588, stack(0x000000001c9d0000,0x000000001cad0000)]
  0x0000000019986000 JavaThread "File lock request listener" [_thread_in_native, id=13196, stack(0x000000001b8a0000,0x000000001b9a0000)]
  0x0000000019985800 JavaThread "Cache worker for file hash cache (C:\Users\graefca\.gradle\caches\4.3\fileHashes)" [_thread_blocked, id=2684, stack(0x000000001ada0000,0x000000001aea0000)]
  0x0000000019886000 JavaThread "Stdin handler" [_thread_blocked, id=7800, stack(0x000000001b3e0000,0x000000001b4e0000)]
  0x0000000019885000 JavaThread "Asynchronous log dispatcher for DefaultDaemonConnection: socket connection from /127.0.0.1:51980 to /127.0.0.1:51981" [_thread_blocked, id=12804, stack(0x000000001b1f0000,0x000000001b2f0000)]
  0x00000000198aa800 JavaThread "Daemon worker" [_thread_in_Java, id=5092, stack(0x000000001b0a0000,0x000000001b1a0000)]
  0x00000000198a7800 JavaThread "Cancel handler" [_thread_blocked, id=5228, stack(0x000000001aec0000,0x000000001afc0000)]
  0x0000000019770800 JavaThread "Handler for socket connection from /127.0.0.1:51980 to /127.0.0.1:51981" [_thread_in_native, id=12864, stack(0x000000001aa40000,0x000000001ab40000)]
  0x000000001976f000 JavaThread "Daemon" [_thread_blocked, id=13072, stack(0x000000001a840000,0x000000001a940000)]
  0x0000000019761000 JavaThread "Daemon periodic checks" [_thread_blocked, id=8840, stack(0x000000001a080000,0x000000001a180000)]
  0x0000000019864800 JavaThread "Incoming local TCP Connector on port 51980" [_thread_in_native, id=7352, stack(0x000000001a650000,0x000000001a750000)]
  0x000000001961d000 JavaThread "Daemon health stats" [_thread_blocked, id=5796, stack(0x000000001a1b0000,0x000000001a2b0000)]
  0x0000000016891800 JavaThread "Service Thread" daemon [_thread_blocked, id=5164, stack(0x00000000184a0000,0x00000000185a0000)]
  0x0000000016805000 JavaThread "C1 CompilerThread3" daemon [_thread_in_vm, id=7816, stack(0x0000000017fc0000,0x00000000180c0000)]
  0x00000000167f9000 JavaThread "C2 CompilerThread2" daemon [_thread_in_native, id=6352, stack(0x00000000181c0000,0x00000000182c0000)]
  0x00000000167f6000 JavaThread "C2 CompilerThread1" daemon [_thread_in_native, id=11804, stack(0x00000000180c0000,0x00000000181c0000)]
=>0x00000000167ee800 JavaThread "C2 CompilerThread0" daemon [_thread_in_native, id=8260, stack(0x0000000017e70000,0x0000000017f70000)]
  0x00000000167fe000 JavaThread "Attach Listener" daemon [_thread_blocked, id=6584, stack(0x0000000017d20000,0x0000000017e20000)]
  0x00000000167fc800 JavaThread "Signal Dispatcher" daemon [_thread_blocked, id=15252, stack(0x0000000017720000,0x0000000017820000)]
  0x0000000015744800 JavaThread "Finalizer" daemon [_thread_blocked, id=11456, stack(0x0000000017b40000,0x0000000017c40000)]
  0x000000001573c000 JavaThread "Reference Handler" daemon [_thread_blocked, id=14956, stack(0x0000000017a10000,0x0000000017b10000)]
  0x000000000239f800 JavaThread "main" [_thread_blocked, id=9008, stack(0x0000000002460000,0x0000000002560000)]

Other Threads:
  0x00000000167a2800 VMThread [stack: 0x0000000017890000,0x0000000017990000] [id=15100]
  0x000000001685b000 WatcherThread [stack: 0x0000000018610000,0x0000000018710000] [id=13416]

VM state:not at safepoint (normal execution)

VM Mutex/Monitor currently owned by a thread: None

Heap:
 PSYoungGen      total 250880K, used 137675K [0x00000000eab00000, 0x00000000fb800000, 0x0000000100000000)
  eden space 235008K, 58% used [0x00000000eab00000,0x00000000f3172c98,0x00000000f9080000)
  from space 15872K, 0% used [0x00000000fa200000,0x00000000fa200000,0x00000000fb180000)
  to   space 17920K, 0% used [0x00000000f9080000,0x00000000f9080000,0x00000000fa200000)
 ParOldGen       total 110080K, used 21869K [0x00000000c0000000, 0x00000000c6b80000, 0x00000000eab00000)
  object space 110080K, 19% used [0x00000000c0000000,0x00000000c155b5f8,0x00000000c6b80000)
 Metaspace       used 39092K, capacity 39914K, committed 40104K, reserved 1083392K
  class space    used 5491K, capacity 5704K, committed 5808K, reserved 1048576K

Card table byte_map: [0x0000000011bf0000,0x0000000011e00000] byte_map_base: 0x00000000115f0000

Marking Bits: (ParMarkBitMap*) 0x000000005247d850
 Begin Bits: [0x0000000012b50000, 0x0000000013b50000)
 End Bits:   [0x0000000013b50000, 0x0000000014b50000)

Polling page: 0x0000000000350000

CodeCache: size=245760Kb used=17146Kb max_used=17146Kb free=228613Kb
 bounds [0x0000000002830000, 0x0000000003900000, 0x0000000011830000]
 total_blobs=5083 nmethods=4388 adapters=606
 compilation: enabled

Compilation events (10 events):
Event: 6.812 Thread 0x0000000016805000 4392       3       org.apache.commons.collections.map.AbstractReferenceMap::get (23 bytes)
Event: 6.812 Thread 0x0000000016805000 nmethod 4392 0x00000000038f1d90 code [0x00000000038f1f60, 0x00000000038f2788]
Event: 6.812 Thread 0x0000000016805000 4393       3       org.apache.commons.collections.map.AbstractReferenceMap::purgeBeforeRead (5 bytes)
Event: 6.812 Thread 0x0000000016805000 nmethod 4393 0x00000000038f0ed0 code [0x00000000038f10a0, 0x00000000038f1a08]
Event: 6.812 Thread 0x0000000016805000 4394       3       org.apache.commons.collections.map.AbstractReferenceMap::getEntry (12 bytes)
Event: 6.813 Thread 0x0000000016805000 nmethod 4394 0x00000000038f00d0 code [0x00000000038f0240, 0x00000000038f0428]
Event: 6.813 Thread 0x0000000016805000 4395       1       org.gradle.api.internal.plugins.PluginInspector$PotentialImperativeClassPlugin::asClass (5 bytes)
Event: 6.813 Thread 0x0000000016805000 nmethod 4395 0x00000000038f0c10 code [0x00000000038f0d60, 0x00000000038f0e70]
Event: 6.813 Thread 0x0000000016805000 4396       3       com.google.common.base.Preconditions::checkArgument (17 bytes)
Event: 6.813 Thread 0x0000000016805000 nmethod 4396 0x00000000038f5310 code [0x00000000038f54a0, 0x00000000038f5838]

GC Heap History (10 events):
Event: 3.214 GC heap before
{Heap before GC invocations=4 (full 1):
 PSYoungGen      total 76288K, used 8665K [0x00000000eab00000, 0x00000000f4000000, 0x0000000100000000)
  eden space 65536K, 0% used [0x00000000eab00000,0x00000000eab00000,0x00000000eeb00000)
  from space 10752K, 80% used [0x00000000eeb00000,0x00000000ef376600,0x00000000ef580000)
  to   space 10752K, 0% used [0x00000000f3580000,0x00000000f3580000,0x00000000f4000000)
 ParOldGen       total 175104K, used 32K [0x00000000c0000000, 0x00000000cab00000, 0x00000000eab00000)
  object space 175104K, 0% used [0x00000000c0000000,0x00000000c0008000,0x00000000cab00000)
 Metaspace       used 20878K, capacity 21196K, committed 21296K, reserved 1067008K
  class space    used 2959K, capacity 3078K, committed 3120K, reserved 1048576K
Event: 3.246 GC heap after
Heap after GC invocations=4 (full 1):
 PSYoungGen      total 76288K, used 0K [0x00000000eab00000, 0x00000000f4000000, 0x0000000100000000)
  eden space 65536K, 0% used [0x00000000eab00000,0x00000000eab00000,0x00000000eeb00000)
  from space 10752K, 0% used [0x00000000eeb00000,0x00000000eeb00000,0x00000000ef580000)
  to   space 10752K, 0% used [0x00000000f3580000,0x00000000f3580000,0x00000000f4000000)
 ParOldGen       total 79872K, used 8432K [0x00000000c0000000, 0x00000000c4e00000, 0x00000000eab00000)
  object space 79872K, 10% used [0x00000000c0000000,0x00000000c083c138,0x00000000c4e00000)
 Metaspace       used 20878K, capacity 21196K, committed 21296K, reserved 1067008K
  class space    used 2959K, capacity 3078K, committed 3120K, reserved 1048576K
}
Event: 3.817 GC heap before
{Heap before GC invocations=5 (full 1):
 PSYoungGen      total 76288K, used 65536K [0x00000000eab00000, 0x00000000f4000000, 0x0000000100000000)
  eden space 65536K, 100% used [0x00000000eab00000,0x00000000eeb00000,0x00000000eeb00000)
  from space 10752K, 0% used [0x00000000eeb00000,0x00000000eeb00000,0x00000000ef580000)
  to   space 10752K, 0% used [0x00000000f3580000,0x00000000f3580000,0x00000000f4000000)
 ParOldGen       total 79872K, used 8432K [0x00000000c0000000, 0x00000000c4e00000, 0x00000000eab00000)
  object space 79872K, 10% used [0x00000000c0000000,0x00000000c083c138,0x00000000c4e00000)
 Metaspace       used 25668K, capacity 26076K, committed 26416K, reserved 1071104K
  class space    used 3626K, capacity 3764K, committed 3888K, reserved 1048576K
Event: 3.859 GC heap after
Heap after GC invocations=5 (full 1):
 PSYoungGen      total 132096K, used 6547K [0x00000000eab00000, 0x00000000f3c00000, 0x0000000100000000)
  eden space 125440K, 0% used [0x00000000eab00000,0x00000000eab00000,0x00000000f2580000)
  from space 6656K, 98% used [0x00000000f3580000,0x00000000f3be4fb0,0x00000000f3c00000)
  to   space 10752K, 0% used [0x00000000f2700000,0x00000000f2700000,0x00000000f3180000)
 ParOldGen       total 79872K, used 8440K [0x00000000c0000000, 0x00000000c4e00000, 0x00000000eab00000)
  object space 79872K, 10% used [0x00000000c0000000,0x00000000c083e138,0x00000000c4e00000)
 Metaspace       used 25668K, capacity 26076K, committed 26416K, reserved 1071104K
  class space    used 3626K, capacity 3764K, committed 3888K, reserved 1048576K
}
Event: 5.449 GC heap before
{Heap before GC invocations=6 (full 1):
 PSYoungGen      total 132096K, used 131987K [0x00000000eab00000, 0x00000000f3c00000, 0x0000000100000000)
  eden space 125440K, 100% used [0x00000000eab00000,0x00000000f2580000,0x00000000f2580000)
  from space 6656K, 98% used [0x00000000f3580000,0x00000000f3be4fb0,0x00000000f3c00000)
  to   space 10752K, 0% used [0x00000000f2700000,0x00000000f2700000,0x00000000f3180000)
 ParOldGen       total 79872K, used 8440K [0x00000000c0000000, 0x00000000c4e00000, 0x00000000eab00000)
  object space 79872K, 10% used [0x00000000c0000000,0x00000000c083e138,0x00000000c4e00000)
 Metaspace       used 33925K, capacity 34470K, committed 34608K, reserved 1079296K
  class space    used 4697K, capacity 4888K, committed 4912K, reserved 1048576K
Event: 5.474 GC heap after
Heap after GC invocations=6 (full 1):
 PSYoungGen      total 137728K, used 10736K [0x00000000eab00000, 0x00000000fb180000, 0x0000000100000000)
  eden space 126976K, 0% used [0x00000000eab00000,0x00000000eab00000,0x00000000f2700000)
  from space 10752K, 99% used [0x00000000f2700000,0x00000000f317c0e0,0x00000000f3180000)
  to   space 15872K, 0% used [0x00000000fa200000,0x00000000fa200000,0x00000000fb180000)
 ParOldGen       total 79872K, used 13080K [0x00000000c0000000, 0x00000000c4e00000, 0x00000000eab00000)
  object space 79872K, 16% used [0x00000000c0000000,0x00000000c0cc6300,0x00000000c4e00000)
 Metaspace       used 33925K, capacity 34470K, committed 34608K, reserved 1079296K
  class space    used 4697K, capacity 4888K, committed 4912K, reserved 1048576K
}
Event: 5.652 GC heap before
{Heap before GC invocations=7 (full 1):
 PSYoungGen      total 137728K, used 40047K [0x00000000eab00000, 0x00000000fb180000, 0x0000000100000000)
  eden space 126976K, 23% used [0x00000000eab00000,0x00000000ec79fb30,0x00000000f2700000)
  from space 10752K, 99% used [0x00000000f2700000,0x00000000f317c0e0,0x00000000f3180000)
  to   space 15872K, 0% used [0x00000000fa200000,0x00000000fa200000,0x00000000fb180000)
 ParOldGen       total 79872K, used 13080K [0x00000000c0000000, 0x00000000c4e00000, 0x00000000eab00000)
  object space 79872K, 16% used [0x00000000c0000000,0x00000000c0cc6300,0x00000000c4e00000)
 Metaspace       used 34977K, capacity 35446K, committed 35496K, reserved 1079296K
  class space    used 4849K, capacity 5023K, committed 5040K, reserved 1048576K
Event: 5.665 GC heap after
Heap after GC invocations=7 (full 1):
 PSYoungGen      total 250880K, used 15046K [0x00000000eab00000, 0x00000000fb800000, 0x0000000100000000)
  eden space 235008K, 0% used [0x00000000eab00000,0x00000000eab00000,0x00000000f9080000)
  from space 15872K, 94% used [0x00000000fa200000,0x00000000fb0b1a68,0x00000000fb180000)
  to   space 17920K, 0% used [0x00000000f9080000,0x00000000f9080000,0x00000000fa200000)
 ParOldGen       total 79872K, used 13088K [0x00000000c0000000, 0x00000000c4e00000, 0x00000000eab00000)
  object space 79872K, 16% used [0x00000000c0000000,0x00000000c0cc8300,0x00000000c4e00000)
 Metaspace       used 34977K, capacity 35446K, committed 35496K, reserved 1079296K
  class space    used 4849K, capacity 5023K, committed 5040K, reserved 1048576K
}
Event: 5.665 GC heap before
{Heap before GC invocations=8 (full 2):
 PSYoungGen      total 250880K, used 15046K [0x00000000eab00000, 0x00000000fb800000, 0x0000000100000000)
  eden space 235008K, 0% used [0x00000000eab00000,0x00000000eab00000,0x00000000f9080000)
  from space 15872K, 94% used [0x00000000fa200000,0x00000000fb0b1a68,0x00000000fb180000)
  to   space 17920K, 0% used [0x00000000f9080000,0x00000000f9080000,0x00000000fa200000)
 ParOldGen       total 79872K, used 13088K [0x00000000c0000000, 0x00000000c4e00000, 0x00000000eab00000)
  object space 79872K, 16% used [0x00000000c0000000,0x00000000c0cc8300,0x00000000c4e00000)
 Metaspace       used 34977K, capacity 35446K, committed 35496K, reserved 1079296K
  class space    used 4849K, capacity 5023K, committed 5040K, reserved 1048576K
Event: 5.728 GC heap after
Heap after GC invocations=8 (full 2):
 PSYoungGen      total 250880K, used 0K [0x00000000eab00000, 0x00000000fb800000, 0x0000000100000000)
  eden space 235008K, 0% used [0x00000000eab00000,0x00000000eab00000,0x00000000f9080000)
  from space 15872K, 0% used [0x00000000fa200000,0x00000000fa200000,0x00000000fb180000)
  to   space 17920K, 0% used [0x00000000f9080000,0x00000000f9080000,0x00000000fa200000)
 ParOldGen       total 110080K, used 21869K [0x00000000c0000000, 0x00000000c6b80000, 0x00000000eab00000)
  object space 110080K, 19% used [0x00000000c0000000,0x00000000c155b5f8,0x00000000c6b80000)
 Metaspace       used 34977K, capacity 35446K, committed 35496K, reserved 1079296K
  class space    used 4849K, capacity 5023K, committed 5040K, reserved 1048576K
}

Deoptimization events (10 events):
Event: 5.946 Thread 0x00000000198aa800 Uncommon trap: reason=speculate_class_check action=maybe_recompile pc=0x000000000366c954 method=com.google.common.base.Equivalence.hash(Ljava/lang/Object;)I @ 8
Event: 5.946 Thread 0x00000000198aa800 Uncommon trap: reason=speculate_class_check action=maybe_recompile pc=0x000000000366c954 method=com.google.common.base.Equivalence.hash(Ljava/lang/Object;)I @ 8
Event: 5.946 Thread 0x00000000198aa800 Uncommon trap: reason=speculate_class_check action=maybe_recompile pc=0x000000000366c954 method=com.google.common.base.Equivalence.hash(Ljava/lang/Object;)I @ 8
Event: 6.065 Thread 0x00000000198aa800 Uncommon trap: reason=unstable_if action=reinterpret pc=0x000000000369d5f8 method=org.gradle.internal.reflect.PropertyAccessorType.of(Ljava/lang/reflect/Method;)Lorg/gradle/internal/reflect/PropertyAccessorType; @ 4
Event: 6.078 Thread 0x00000000198aa800 Uncommon trap: reason=unstable_if action=reinterpret pc=0x0000000002fe027c method=org.objectweb.asm.Item.isEqualTo(Lorg/objectweb/asm/Item;)Z @ 251
Event: 6.141 Thread 0x00000000198aa800 Uncommon trap: reason=unstable_if action=reinterpret pc=0x0000000003011be8 method=org.objectweb.asm.Type.getArgumentsAndReturnSizes(Ljava/lang/String;)I @ 47
Event: 6.142 Thread 0x00000000198aa800 Uncommon trap: reason=unstable_if action=reinterpret pc=0x00000000036e03fc method=org.objectweb.asm.Type.getArgumentsAndReturnSizes(Ljava/lang/String;)I @ 47
Event: 6.266 Thread 0x00000000198aa800 Uncommon trap: reason=class_check action=maybe_recompile pc=0x00000000031031c4 method=org.codehaus.groovy.runtime.metaclass.MetaMethodIndex.addMethodToList(Ljava/lang/Object;Lgroovy/lang/MetaMethod;)Ljava/lang/Object; @ 230
Event: 6.487 Thread 0x00000000198aa800 Uncommon trap: reason=unstable_if action=reinterpret pc=0x00000000032bf4b8 method=java.util.regex.Pattern$CharProperty.match(Ljava/util/regex/Matcher;ILjava/lang/CharSequence;)Z @ 40
Event: 6.573 Thread 0x00000000198aa800 Uncommon trap: reason=unstable_if action=reinterpret pc=0x0000000003027b48 method=java.lang.String.regionMatches(ZILjava/lang/String;II)Z @ 102

Internal exceptions (10 events):
Event: 6.497 Thread 0x00000000198aa800 Exception <a 'java/lang/ClassNotFoundException': aQute/bnd/gradle/BndPlugin$_apply_closure1BeanInfo> (0x00000000f1fa1368) thrown at [C:\re\workspace\8-2-build-windows-amd64-cygwin\jdk8u144\9417\hotspot\src\share\vm\classfile\systemDictionary.cpp, line 210
Event: 6.497 Thread 0x00000000198aa800 Exception <a 'java/lang/ClassNotFoundException': aQute/bnd/gradle/BndPlugin$_apply_closure1Customizer> (0x00000000f1faae10) thrown at [C:\re\workspace\8-2-build-windows-amd64-cygwin\jdk8u144\9417\hotspot\src\share\vm\classfile\systemDictionary.cpp, line 2
Event: 6.509 Thread 0x00000000198aa800 Exception <a 'java/lang/ClassNotFoundException': org/gradle/api/tasks/testing/Test_DecoratedBeanInfo> (0x00000000f2107198) thrown at [C:\re\workspace\8-2-build-windows-amd64-cygwin\jdk8u144\9417\hotspot\src\share\vm\classfile\systemDictionary.cpp, line 21
Event: 6.510 Thread 0x00000000198aa800 Exception <a 'java/lang/ClassNotFoundException': org/gradle/api/tasks/testing/TestBeanInfo> (0x00000000f2139e48) thrown at [C:\re\workspace\8-2-build-windows-amd64-cygwin\jdk8u144\9417\hotspot\src\share\vm\classfile\systemDictionary.cpp, line 210]
Event: 6.511 Thread 0x00000000198aa800 Exception <a 'java/lang/ClassNotFoundException': org/gradle/api/tasks/testing/TestCustomizer> (0x00000000f216f138) thrown at [C:\re\workspace\8-2-build-windows-amd64-cygwin\jdk8u144\9417\hotspot\src\share\vm\classfile\systemDictionary.cpp, line 210]
Event: 6.514 Thread 0x00000000198aa800 Exception <a 'java/lang/ClassNotFoundException': org/gradle/api/tasks/testing/Test_DecoratedCustomizer> (0x00000000f226b7d8) thrown at [C:\re\workspace\8-2-build-windows-amd64-cygwin\jdk8u144\9417\hotspot\src\share\vm\classfile\systemDictionary.cpp, line 
Event: 6.541 Thread 0x00000000198aa800 Exception <a 'java/lang/ClassNotFoundException': org/gradle/api/internal/file/collections/DefaultConfigurableFileTreeBeanInfo> (0x00000000f2546fc8) thrown at [C:\re\workspace\8-2-build-windows-amd64-cygwin\jdk8u144\9417\hotspot\src\share\vm\classfile\syst
Event: 6.542 Thread 0x00000000198aa800 Exception <a 'java/lang/ClassNotFoundException': org/gradle/api/internal/file/collections/DefaultConfigurableFileTreeCustomizer> (0x00000000f257e1f0) thrown at [C:\re\workspace\8-2-build-windows-amd64-cygwin\jdk8u144\9417\hotspot\src\share\vm\classfile\sy
Event: 6.645 Thread 0x00000000198aa800 Exception <a 'java/lang/reflect/InvocationTargetException'> (0x00000000f2a863b8) thrown at [C:\re\workspace\8-2-build-windows-amd64-cygwin\jdk8u144\9417\hotspot\src\share\vm\runtime\reflection.cpp, line 1092]
Event: 6.754 Thread 0x00000000198aa800 Exception <a 'java/lang/reflect/InvocationTargetException'> (0x00000000f2d67270) thrown at [C:\re\workspace\8-2-build-windows-amd64-cygwin\jdk8u144\9417\hotspot\src\share\vm\runtime\reflection.cpp, line 1092]

Events (10 events):
Event: 6.619 loading class aQute/bnd/gradle/BndPlugin$_apply_closure1_closure28
Event: 6.619 loading class aQute/bnd/gradle/BndPlugin$_apply_closure1_closure28 done
Event: 6.619 loading class groovy/runtime/metaclass/aQute/bnd/gradle/BndPlugin$_apply_closure1_closure28MetaClass
Event: 6.619 loading class groovy/runtime/metaclass/aQute/bnd/gradle/BndPlugin$_apply_closure1_closure28MetaClass done
Event: 6.620 loading class aQute/bnd/gradle/BndPlugin$_apply_closure1_closure28_closure86
Event: 6.620 loading class aQute/bnd/gradle/BndPlugin$_apply_closure1_closure28_closure86 done
Event: 6.621 loading class groovy/runtime/metaclass/aQute/bnd/gradle/BndPlugin$_apply_closure1_closure28_closure86MetaClass
Event: 6.621 loading class groovy/runtime/metaclass/aQute/bnd/gradle/BndPlugin$_apply_closure1_closure28_closure86MetaClass done
Event: 6.745 Executing VM operation: ForceSafepoint
Event: 6.745 Executing VM operation: ForceSafepoint done


Dynamic libraries:
0x000000013fe10000 - 0x000000013fe47000 	C:\Java\jdk1.8.0_144\bin\java.exe
0x00000000774f0000 - 0x000000007769a000 	C:\Windows\SYSTEM32\ntdll.dll
0x00000000773d0000 - 0x00000000774ef000 	C:\Windows\system32\kernel32.dll
0x000007fefd4f0000 - 0x000007fefd55a000 	C:\Windows\system32\KERNELBASE.dll
0x000007fefe870000 - 0x000007fefe94b000 	C:\Windows\system32\ADVAPI32.dll
0x000007feff760000 - 0x000007feff7ff000 	C:\Windows\system32\msvcrt.dll
0x000007fefed60000 - 0x000007fefed7f000 	C:\Windows\SYSTEM32\sechost.dll
0x000007fefe5b0000 - 0x000007fefe6dd000 	C:\Windows\system32\RPCRT4.dll
0x00000000772d0000 - 0x00000000773ca000 	C:\Windows\system32\USER32.dll
0x000007fefd5a0000 - 0x000007fefd607000 	C:\Windows\system32\GDI32.dll
0x000007fefe4d0000 - 0x000007fefe4de000 	C:\Windows\system32\LPK.dll
0x000007fefe400000 - 0x000007fefe4cb000 	C:\Windows\system32\USP10.dll
0x000007fefbb80000 - 0x000007fefbd74000 	C:\Windows\WinSxS\amd64_microsoft.windows.common-controls_6595b64144ccf1df_6.0.7601.23403_none_e36ad4593102f066\COMCTL32.dll
0x000007fefea50000 - 0x000007fefeac1000 	C:\Windows\system32\SHLWAPI.dll
0x000007fefe580000 - 0x000007fefe5ae000 	C:\Windows\system32\IMM32.DLL
0x000007fefe6e0000 - 0x000007fefe7e9000 	C:\Windows\system32\MSCTF.dll
0x0000000074f20000 - 0x0000000074f59000 	C:\PROGRA~2\Sophos\SOPHOS~1\SOPHOS~2.DLL
0x00000000776c0000 - 0x00000000776c7000 	C:\Windows\system32\PSAPI.DLL
0x0000000052500000 - 0x00000000525d2000 	C:\Java\jdk1.8.0_144\jre\bin\msvcr100.dll
0x0000000051c60000 - 0x00000000524fd000 	C:\Java\jdk1.8.0_144\jre\bin\server\jvm.dll
0x000007fee88a0000 - 0x000007fee88a9000 	C:\Windows\system32\WSOCK32.dll
0x000007feff3e0000 - 0x000007feff42d000 	C:\Windows\system32\WS2_32.dll
0x000007fefeb70000 - 0x000007fefeb78000 	C:\Windows\system32\NSI.dll
0x000007fefae10000 - 0x000007fefae4b000 	C:\Windows\system32\WINMM.dll
0x000007fefc350000 - 0x000007fefc35c000 	C:\Windows\system32\VERSION.dll
0x0000000051c50000 - 0x0000000051c5f000 	C:\Java\jdk1.8.0_144\jre\bin\verify.dll
0x0000000051c20000 - 0x0000000051c49000 	C:\Java\jdk1.8.0_144\jre\bin\java.dll
0x0000000051c00000 - 0x0000000051c16000 	C:\Java\jdk1.8.0_144\jre\bin\zip.dll
0x000007fefd610000 - 0x000007fefe39a000 	C:\Windows\system32\SHELL32.dll
0x000007fefef10000 - 0x000007feff10c000 	C:\Windows\system32\ole32.dll
0x000007fefd1e0000 - 0x000007fefd1ef000 	C:\Windows\system32\profapi.dll
0x0000000051bd0000 - 0x0000000051bea000 	C:\Java\jdk1.8.0_144\jre\bin\net.dll
0x000007fefc360000 - 0x000007fefc390000 	C:\ProgramData\Sophos\Web Intelligence\swi_ifslsp_64.dll
0x000007fefc970000 - 0x000007fefc9c5000 	C:\Windows\system32\mswsock.dll
0x000007fefc960000 - 0x000007fefc967000 	C:\Windows\System32\wship6.dll
0x0000000051bb0000 - 0x0000000051bc1000 	C:\Java\jdk1.8.0_144\jre\bin\nio.dll
0x000007feebb50000 - 0x000007feebb6e000 	C:\Users\graefca\.gradle\native\25\windows-amd64\native-platform.dll
0x0000000051bf0000 - 0x0000000051bfd000 	C:\Java\jdk1.8.0_144\jre\bin\management.dll
0x000007fefcc00000 - 0x000007fefcc18000 	C:\Windows\system32\CRYPTSP.dll
0x000007fefc6a0000 - 0x000007fefc6e7000 	C:\Windows\system32\rsaenh.dll
0x000007fefd580000 - 0x000007fefd59f000 	C:\Windows\system32\USERENV.dll
0x000007fefd080000 - 0x000007fefd08f000 	C:\Windows\system32\CRYPTBASE.dll
0x000007fefbe90000 - 0x000007fefbeb7000 	C:\Windows\system32\IPHLPAPI.DLL
0x000007fefc340000 - 0x000007fefc34b000 	C:\Windows\system32\WINNSI.DLL
0x000007fefa1e0000 - 0x000007fefa1f1000 	C:\Windows\system32\dhcpcsvc6.DLL
0x000007fefa200000 - 0x000007fefa218000 	C:\Windows\system32\dhcpcsvc.DLL

VM Arguments:
jvm_args: -XX:+HeapDumpOnOutOfMemoryError -Xmx1024m -Dfile.encoding=windows-1252 -Duser.country=DE -Duser.language=de -Duser.variant -Doracle.net.tns_admin=Q:\Programme\Oracle\NETWORK\ADMIN 
java_command: org.gradle.launcher.daemon.bootstrap.GradleDaemon 4.3
java_class_path (initial): C:\Users\graefca\.gradle\wrapper\dists\gradle-4.3-bin\452wx51oxqsia28686mgqhot6\gradle-4.3\lib\gradle-launcher-4.3.jar
Launcher Type: SUN_STANDARD

Environment Variables:
JAVA_HOME=C:\Java\jdk1.8.0_144
_JAVA_OPTIONS=-Doracle.net.tns_admin=Q:\Programme\Oracle\NETWORK\ADMIN
PATH=H:\bin;C:\Program Files\Git\mingw64\bin;C:\Program Files\Git\usr\local\bin;C:\Program Files\Git\usr\bin;C:\Program Files\Git\usr\bin;C:\Program Files\Git\mingw64\bin;C:\Program Files\Git\usr\bin;H:\bin;C:\ProgramData\Oracle\Java\javapath;C:\oraclexe\app\oracle\product\11.2.0\server\bin;C:\Programme\Ora11203\Client_1\bin;C:\Windows\system32;C:\Windows;C:\Windows\System32\Wbem;C:\Windows\System32\WindowsPowerShell\v1.0;C:\Program Files (x86)\Subversion\bin;C:\Java\jdk1.8.0_144\bin;D:\dev\gradle\bin;C:\Program Files (x86)\Microsoft SQL Server\100\Tools\Binn;C:\Program Files\Microsoft SQL Server\100\Tools\Binn;C:\Program Files\Microsoft SQL Server\100\DTS\Binn;C:\Program Files (x86)\Microsoft SQL Server\100\Tools\Binn\VSShell\Common7\IDE;C:\Program Files (x86)\Microsoft SQL Server\100\DTS\Bin;C:\Program Files (x86)\Mono-3.2.3\bin;C:\dev\groovy\bin;C:\tools\apache-ant-1.9.3\bin;C:\Program Files (x86)\Git\cmd;C:\tools\apache-maven-3.3.9\bin;C:\Program Files\TortoiseGit\bin;C:\Program Files (x86)\Enterprise Vault\EVClient;C:\Program Files (x86)\Microsoft SQL Server\100\DTS\Binn;C:\Users\graefca\AppData\Local\Mozilla Firefox;C:\tools\jbake-2.4.0\bin;C:\Program Files\Git\cmd;C:\tools\spring-1.4.0.RELEASE\bin;C:\Python27;C:\tools\activator-1.3.10-minimal\bin;C:\Program Files\Amazon\AWSCLI;C:\Program Files (x86)\GTK2-Runtime\bin;C:\Program Files\Common Files\GTK\2.0\bin;C:\Program Files\TortoiseSVN\bin;C:\Program Files (x86)\scala\bin;C:\Program Files (x86)\sbt\bin;C:\Program Files (x86)\Microsoft VS Code\bin;C:\Users\graefca\AppData\Local\atom\bin;C:\Program Files (x86)\NSIS;C:\tools\node-v6.10.0-win-x64;C:\tools\node-v6.10.0-win-x64\node_modules\npm\bin;C:\Program Files\Docker Toolbox;C:\Java\jdk1.8.0_144\bin;C:\Program Files\Git\usr\bin\vendor_perl;C:\Program Files\Git\usr\bin\core_perl
USERNAME=graefca
SHELL=C:\Program Files\Git\usr\bin\bash
DISPLAY=needs-to-be-defined
OS=Windows_NT
PROCESSOR_IDENTIFIER=Intel64 Family 6 Model 60 Stepping 3, GenuineIntel



---------------  S Y S T E M  ---------------

OS: Windows 7 , 64 bit Build 7601 (6.1.7601.23915)

CPU:total 8 (initial active 8) (4 cores per cpu, 2 threads per core) family 6 model 60 stepping 3, cmov, cx8, fxsr, mmx, sse, sse2, sse3, ssse3, sse4.1, sse4.2, popcnt, avx, avx2, aes, clmul, erms, lzcnt, ht, tsc, tscinvbit, bmi1, bmi2

Memory: 4k page, physical 16658648k(53192k free), swap 20722460k(21524k free)

vm_info: Java HotSpot(TM) 64-Bit Server VM (25.144-b01) for windows-amd64 JRE (1.8.0_144-b01), built on Jul 21 2017 21:57:33 by "java_re" with MS VC++ 10.0 (VS2010)

time: Thu Nov 30 12:30:16 2017
elapsed time: 6 seconds (0d 0h 0m 6s)

