#
# There is insufficient memory for the Java Runtime Environment to continue.
# Native memory allocation (malloc) failed to allocate 1072896 bytes for Chunk::new
# Possible reasons:
#   The system is out of physical RAM or swap space
#   In 32 bit mode, the process size limit was hit
# Possible solutions:
#   Reduce memory load on the system
#   Increase physical memory or swap space
#   Check if swap backing store is full
#   Use 64 bit Java on a 64 bit OS
#   Decrease Java heap size (-Xmx/-Xms)
#   Decrease number of Java threads
#   Decrease Java thread stack sizes (-Xss)
#   Set larger code cache with -XX:ReservedCodeCacheSize=
# This output file may be truncated or incomplete.
#
#  Out of Memory Error (allocation.cpp:390), pid=1728, tid=0x00000000000043a4
#
# JRE version: Java(TM) SE Runtime Environment (8.0_144-b01) (build 1.8.0_144-b01)
# Java VM: Java HotSpot(TM) 64-Bit Server VM (25.144-b01 mixed mode windows-amd64 compressed oops)
# Failed to write core dump. Minidumps are not enabled by default on client versions of Windows
#

---------------  T H R E A D  ---------------

Current thread (0x00000000167f0000):  JavaThread "C2 CompilerThread0" daemon [_thread_in_native, id=17316, stack(0x0000000017f80000,0x0000000018080000)]

Stack: [0x0000000017f80000,0x0000000018080000]
[error occurred during error reporting (printing stack bounds), id 0xc0000005]

Native frames: (J=compiled Java code, j=interpreted, Vv=VM code, C=native code)


Current CompileTask:
C2:  43069 9464 % !   4       aQute.bnd.osgi.Clazz::parseClassFileData @ 150 (1511 bytes)


---------------  P R O C E S S  ---------------

Java Threads: ( => current thread )
  0x000000001d50d000 JavaThread "/127.0.0.1:62956 to /127.0.0.1:62957 workers Thread 5" [_thread_in_native, id=1640, stack(0x00000000275c0000,0x00000000276c0000)]
  0x000000001d510000 JavaThread "/127.0.0.1:62956 to /127.0.0.1:62957 workers Thread 4" [_thread_blocked, id=14500, stack(0x0000000027a70000,0x0000000027b70000)]
  0x000000001d50b800 JavaThread "/127.0.0.1:62956 to /127.0.0.1:62957 workers Thread 3" [_thread_blocked, id=15276, stack(0x0000000027820000,0x0000000027920000)]
  0x000000001d50d800 JavaThread "/127.0.0.1:62956 to /127.0.0.1:62957 workers Thread 2" [_thread_blocked, id=8168, stack(0x00000000276c0000,0x00000000277c0000)]
  0x000000001990a800 JavaThread "/127.0.0.1:62956 to /127.0.0.1:62957 workers" [_thread_blocked, id=12556, stack(0x0000000027190000,0x0000000027290000)]
  0x000000001d50c000 JavaThread "Forward streams with process: Gradle Worker Daemon 6 Thread 3" [_thread_in_native, id=10456, stack(0x0000000027490000,0x0000000027590000)]
  0x000000001d50e800 JavaThread "Forward streams with process: Gradle Worker Daemon 6 Thread 2" [_thread_in_native, id=4324, stack(0x0000000027350000,0x0000000027450000)]
  0x000000001d50a800 JavaThread "Forward streams with process: Gradle Worker Daemon 6" [_thread_blocked, id=5452, stack(0x0000000026dc0000,0x0000000026ec0000)]
  0x0000000019909800 JavaThread "Run Gradle Worker Daemon 6" [_thread_in_native, id=10860, stack(0x0000000026a00000,0x0000000026b00000)]
  0x000000001990f800 JavaThread "Incoming local TCP Connector on port 62956" [_thread_blocked, id=17396, stack(0x0000000025a60000,0x0000000025b60000)]
  0x0000000021130000 JavaThread "Task worker for ':' Thread 7" [_thread_blocked, id=12436, stack(0x0000000026460000,0x0000000026560000)]
  0x000000002112f800 JavaThread "Task worker for ':' Thread 6" [_thread_blocked, id=15332, stack(0x0000000026290000,0x0000000026390000)]
  0x000000002112e800 JavaThread "Task worker for ':' Thread 5" [_thread_in_native, id=1560, stack(0x00000000260a0000,0x00000000261a0000)]
  0x000000002112e000 JavaThread "Task worker for ':' Thread 4" [_thread_blocked, id=5804, stack(0x0000000025f70000,0x0000000026070000)]
  0x000000002112d000 JavaThread "Task worker for ':' Thread 3" [_thread_blocked, id=1224, stack(0x0000000025c80000,0x0000000025d80000)]
  0x000000002112c800 JavaThread "Task worker for ':' Thread 2" [_thread_blocked, id=8184, stack(0x0000000025dc0000,0x0000000025ec0000)]
  0x000000002112b800 JavaThread "Task worker for ':'" [_thread_blocked, id=12348, stack(0x0000000025b80000,0x0000000025c80000)]
  0x000000002112b000 JavaThread "Cache worker for Build Output Cleanup Cache (C:\git\skysail-server\.gradle\buildOutputCleanup)" [_thread_blocked, id=14912, stack(0x0000000025900000,0x0000000025a00000)]
  0x000000002112a000 JavaThread "Cache worker for task history cache (C:\git\skysail-server\.gradle\4.3\taskHistory)" [_thread_blocked, id=7648, stack(0x0000000023790000,0x0000000023890000)]
  0x0000000019916800 JavaThread "Cache worker for file content cache (C:\git\skysail-server\.gradle\4.3\fileContent)" [_thread_blocked, id=15308, stack(0x0000000024330000,0x0000000024430000)]
  0x0000000019915000 JavaThread "build operations Thread 8" [_thread_blocked, id=15880, stack(0x0000000023bf0000,0x0000000023cf0000)]
  0x0000000019914000 JavaThread "build operations Thread 7" [_thread_blocked, id=8632, stack(0x0000000023a50000,0x0000000023b50000)]
  0x0000000019913800 JavaThread "build operations Thread 6" [_thread_blocked, id=6980, stack(0x0000000023910000,0x0000000023a10000)]
  0x0000000019912800 JavaThread "build operations Thread 5" [_thread_blocked, id=16560, stack(0x0000000023690000,0x0000000023790000)]
  0x0000000019912000 JavaThread "build operations Thread 4" [_thread_blocked, id=416, stack(0x00000000213d0000,0x00000000214d0000)]
  0x0000000019911000 JavaThread "build operations Thread 3" [_thread_blocked, id=13112, stack(0x0000000023580000,0x0000000023680000)]
  0x0000000019910800 JavaThread "build operations Thread 2" [_thread_blocked, id=4932, stack(0x00000000233d0000,0x00000000234d0000)]
  0x000000001990d800 JavaThread "Memory manager" [_thread_blocked, id=5164, stack(0x000000001b7e0000,0x000000001b8e0000)]
  0x000000001990c800 JavaThread "build operations" [_thread_blocked, id=1732, stack(0x00000000212a0000,0x00000000213a0000)]
  0x000000001990c000 JavaThread "Cache worker for Artifact transforms cache (C:\Users\graefca\.gradle\caches\transforms-1)" [_thread_blocked, id=15200, stack(0x000000001b590000,0x000000001b690000)]
  0x0000000019909000 JavaThread "Cache worker for file hash cache (C:\git\skysail-server\.gradle\4.3\fileHashes)" [_thread_blocked, id=8724, stack(0x000000001c9c0000,0x000000001cac0000)]
  0x0000000019908000 JavaThread "File lock request listener" [_thread_in_native, id=8124, stack(0x000000001b8e0000,0x000000001b9e0000)]
  0x0000000019907800 JavaThread "Cache worker for file hash cache (C:\Users\graefca\.gradle\caches\4.3\fileHashes)" [_thread_blocked, id=3612, stack(0x000000001b6d0000,0x000000001b7d0000)]
  0x00000000197fe800 JavaThread "Stdin handler" [_thread_blocked, id=8556, stack(0x000000001b130000,0x000000001b230000)]
  0x0000000019a09800 JavaThread "Asynchronous log dispatcher for DefaultDaemonConnection: socket connection from /127.0.0.1:62803 to /127.0.0.1:62804" [_thread_blocked, id=8460, stack(0x000000001b270000,0x000000001b370000)]
  0x0000000019a09000 JavaThread "Daemon worker" [_thread_blocked, id=13704, stack(0x000000001a7d0000,0x000000001a8d0000)]
  0x0000000019a0c000 JavaThread "Cancel handler" [_thread_blocked, id=11304, stack(0x000000001b030000,0x000000001b130000)]
  0x0000000019981800 JavaThread "Handler for socket connection from /127.0.0.1:62803 to /127.0.0.1:62804" [_thread_in_native, id=8820, stack(0x000000001ad10000,0x000000001ae10000)]
  0x0000000019980800 JavaThread "Daemon" [_thread_blocked, id=15912, stack(0x000000001aaf0000,0x000000001abf0000)]
  0x0000000019905000 JavaThread "Daemon periodic checks" [_thread_blocked, id=7396, stack(0x000000001a910000,0x000000001aa10000)]
  0x0000000019906800 JavaThread "Incoming local TCP Connector on port 62803" [_thread_in_native, id=15380, stack(0x0000000019fb0000,0x000000001a0b0000)]
  0x00000000197b2000 JavaThread "Daemon health stats" [_thread_blocked, id=16864, stack(0x000000001a1d0000,0x000000001a2d0000)]
  0x0000000016892800 JavaThread "Service Thread" daemon [_thread_blocked, id=3056, stack(0x00000000184a0000,0x00000000185a0000)]
  0x00000000167fb000 JavaThread "C1 CompilerThread3" daemon [_thread_blocked, id=15232, stack(0x00000000182c0000,0x00000000183c0000)]
  0x00000000167fa000 JavaThread "C2 CompilerThread2" daemon [_thread_in_native, id=1060, stack(0x0000000018080000,0x0000000018180000)]
  0x00000000167f7000 JavaThread "C2 CompilerThread1" daemon [_thread_in_native, id=13136, stack(0x0000000018190000,0x0000000018290000)]
=>0x00000000167f0000 JavaThread "C2 CompilerThread0" daemon [_thread_in_native, id=17316, stack(0x0000000017f80000,0x0000000018080000)]
  0x00000000167ff800 JavaThread "Attach Listener" daemon [_thread_blocked, id=9788, stack(0x0000000017e70000,0x0000000017f70000)]
  0x00000000167fe000 JavaThread "Signal Dispatcher" daemon [_thread_blocked, id=14088, stack(0x0000000017d40000,0x0000000017e40000)]
  0x0000000015743800 JavaThread "Finalizer" daemon [_thread_blocked, id=17236, stack(0x0000000017b30000,0x0000000017c30000)]
  0x000000001573b000 JavaThread "Reference Handler" daemon [_thread_blocked, id=8572, stack(0x0000000017780000,0x0000000017880000)]
  0x000000000036f800 JavaThread "main" [_thread_blocked, id=16456, stack(0x00000000023d0000,0x00000000024d0000)]

Other Threads:
  0x00000000167a2800 VMThread [stack: 0x00000000178b0000,0x00000000179b0000] [id=15228]
  0x000000001686c800 WatcherThread [stack: 0x0000000018670000,0x0000000018770000] [id=11444]

VM state:not at safepoint (normal execution)

VM Mutex/Monitor currently owned by a thread: None

Heap:
 PSYoungGen      total 282624K, used 59292K [0x00000000eab00000, 0x0000000100000000, 0x0000000100000000)
  eden space 231936K, 25% used [0x00000000eab00000,0x00000000ee4e7088,0x00000000f8d80000)
  from space 50688K, 0% used [0x00000000f8d80000,0x00000000f8d80000,0x00000000fbf00000)
  to   space 55808K, 0% used [0x00000000fc980000,0x00000000fc980000,0x0000000100000000)
 ParOldGen       total 361472K, used 109249K [0x00000000c0000000, 0x00000000d6100000, 0x00000000eab00000)
  object space 361472K, 30% used [0x00000000c0000000,0x00000000c6ab0798,0x00000000d6100000)
 Metaspace       used 56065K, capacity 59628K, committed 59672K, reserved 1099776K
  class space    used 8286K, capacity 9382K, committed 9392K, reserved 1048576K

Card table byte_map: [0x0000000011c50000,0x0000000011e60000] byte_map_base: 0x0000000011650000

Marking Bits: (ParMarkBitMap*) 0x000000005247d850
 Begin Bits: [0x0000000012b50000, 0x0000000013b50000)
 End Bits:   [0x0000000013b50000, 0x0000000014b50000)

Polling page: 0x0000000000250000

CodeCache: size=245760Kb used=26983Kb max_used=26994Kb free=218777Kb
 bounds [0x0000000002890000, 0x0000000004320000, 0x0000000011890000]
 total_blobs=8611 nmethods=7867 adapters=654
 compilation: enabled

Compilation events (10 events):
Event: 42.974 Thread 0x00000000167f0000 9464 % !   4       aQute.bnd.osgi.Clazz::parseClassFileData @ 150 (1511 bytes)
Event: 42.978 Thread 0x00000000167f7000 9465   !   4       aQute.bnd.osgi.Clazz::crawl (634 bytes)
Event: 43.007 Thread 0x00000000167fa000 nmethod 9463 0x00000000043076d0 code [0x0000000004307940, 0x0000000004309840]
Event: 43.007 Thread 0x00000000167fa000 9466       4       aQute.bnd.osgi.Clazz::referTo (17 bytes)
Event: 43.010 Thread 0x00000000167fa000 nmethod 9466 0x00000000041f4890 code [0x00000000041f4a20, 0x00000000041f4e08]
Event: 43.020 Thread 0x00000000167f7000 nmethod 9465 0x000000000430c510 code [0x000000000430ca40, 0x000000000430ee80]
Event: 43.024 Thread 0x00000000167fb000 9467       3       aQute.bnd.osgi.Clazz::doInnerClasses (167 bytes)
Event: 43.025 Thread 0x00000000167fb000 nmethod 9467 0x000000000421eb10 code [0x000000000421ed60, 0x000000000421faf8]
Event: 43.046 Thread 0x00000000167fa000 9468       4       aQute.bnd.osgi.Clazz::nameAndType (35 bytes)
Event: 43.049 Thread 0x00000000167fa000 nmethod 9468 0x00000000041f3250 code [0x00000000041f33c0, 0x00000000041f3718]

GC Heap History (10 events):
Event: 15.421 GC heap before
{Heap before GC invocations=12 (full 2):
 PSYoungGen      total 188416K, used 188384K [0x00000000eab00000, 0x00000000fb080000, 0x0000000100000000)
  eden space 167936K, 100% used [0x00000000eab00000,0x00000000f4f00000,0x00000000f4f00000)
  from space 20480K, 99% used [0x00000000f4f00000,0x00000000f62f8060,0x00000000f6300000)
  to   space 31744K, 0% used [0x00000000f9180000,0x00000000f9180000,0x00000000fb080000)
 ParOldGen       total 195584K, used 50688K [0x00000000c0000000, 0x00000000cbf00000, 0x00000000eab00000)
  object space 195584K, 25% used [0x00000000c0000000,0x00000000c3180178,0x00000000cbf00000)
 Metaspace       used 53864K, capacity 57194K, committed 57256K, reserved 1097728K
  class space    used 8052K, capacity 9091K, committed 9136K, reserved 1048576K
Event: 15.462 GC heap after
Heap after GC invocations=12 (full 2):
 PSYoungGen      total 226304K, used 31736K [0x00000000eab00000, 0x00000000fc280000, 0x0000000100000000)
  eden space 194560K, 0% used [0x00000000eab00000,0x00000000eab00000,0x00000000f6900000)
  from space 31744K, 99% used [0x00000000f9180000,0x00000000fb07e218,0x00000000fb080000)
  to   space 41472K, 0% used [0x00000000f6900000,0x00000000f6900000,0x00000000f9180000)
 ParOldGen       total 195584K, used 65028K [0x00000000c0000000, 0x00000000cbf00000, 0x00000000eab00000)
  object space 195584K, 33% used [0x00000000c0000000,0x00000000c3f81288,0x00000000cbf00000)
 Metaspace       used 53864K, capacity 57194K, committed 57256K, reserved 1097728K
  class space    used 8052K, capacity 9091K, committed 9136K, reserved 1048576K
}
Event: 17.082 GC heap before
{Heap before GC invocations=13 (full 2):
 PSYoungGen      total 226304K, used 226296K [0x00000000eab00000, 0x00000000fc280000, 0x0000000100000000)
  eden space 194560K, 100% used [0x00000000eab00000,0x00000000f6900000,0x00000000f6900000)
  from space 31744K, 99% used [0x00000000f9180000,0x00000000fb07e218,0x00000000fb080000)
  to   space 41472K, 0% used [0x00000000f6900000,0x00000000f6900000,0x00000000f9180000)
 ParOldGen       total 195584K, used 65028K [0x00000000c0000000, 0x00000000cbf00000, 0x00000000eab00000)
  object space 195584K, 33% used [0x00000000c0000000,0x00000000c3f81288,0x00000000cbf00000)
 Metaspace       used 53887K, capacity 57258K, committed 57512K, reserved 1097728K
  class space    used 8055K, capacity 9091K, committed 9136K, reserved 1048576K
Event: 17.126 GC heap after
Heap after GC invocations=13 (full 2):
 PSYoungGen      total 236032K, used 33483K [0x00000000eab00000, 0x00000000fec00000, 0x0000000100000000)
  eden space 194560K, 0% used [0x00000000eab00000,0x00000000eab00000,0x00000000f6900000)
  from space 41472K, 80% used [0x00000000f6900000,0x00000000f89b2ec8,0x00000000f9180000)
  to   space 45056K, 0% used [0x00000000fc000000,0x00000000fc000000,0x00000000fec00000)
 ParOldGen       total 195584K, used 76080K [0x00000000c0000000, 0x00000000cbf00000, 0x00000000eab00000)
  object space 195584K, 38% used [0x00000000c0000000,0x00000000c4a4c328,0x00000000cbf00000)
 Metaspace       used 53887K, capacity 57258K, committed 57512K, reserved 1097728K
  class space    used 8055K, capacity 9091K, committed 9136K, reserved 1048576K
}
Event: 29.383 GC heap before
{Heap before GC invocations=14 (full 2):
 PSYoungGen      total 236032K, used 228043K [0x00000000eab00000, 0x00000000fec00000, 0x0000000100000000)
  eden space 194560K, 100% used [0x00000000eab00000,0x00000000f6900000,0x00000000f6900000)
  from space 41472K, 80% used [0x00000000f6900000,0x00000000f89b2ec8,0x00000000f9180000)
  to   space 45056K, 0% used [0x00000000fc000000,0x00000000fc000000,0x00000000fec00000)
 ParOldGen       total 195584K, used 76080K [0x00000000c0000000, 0x00000000cbf00000, 0x00000000eab00000)
  object space 195584K, 38% used [0x00000000c0000000,0x00000000c4a4c328,0x00000000cbf00000)
 Metaspace       used 54258K, capacity 57724K, committed 57768K, reserved 1097728K
  class space    used 8084K, capacity 9126K, committed 9136K, reserved 1048576K
Event: 29.414 GC heap after
Heap after GC invocations=14 (full 2):
 PSYoungGen      total 276992K, used 41712K [0x00000000eab00000, 0x00000000ff080000, 0x0000000100000000)
  eden space 231936K, 0% used [0x00000000eab00000,0x00000000eab00000,0x00000000f8d80000)
  from space 45056K, 92% used [0x00000000fc000000,0x00000000fe8bc120,0x00000000fec00000)
  to   space 50688K, 0% used [0x00000000f8d80000,0x00000000f8d80000,0x00000000fbf00000)
 ParOldGen       total 195584K, used 76088K [0x00000000c0000000, 0x00000000cbf00000, 0x00000000eab00000)
  object space 195584K, 38% used [0x00000000c0000000,0x00000000c4a4e328,0x00000000cbf00000)
 Metaspace       used 54258K, capacity 57724K, committed 57768K, reserved 1097728K
  class space    used 8084K, capacity 9126K, committed 9136K, reserved 1048576K
}
Event: 36.051 GC heap before
{Heap before GC invocations=15 (full 2):
 PSYoungGen      total 276992K, used 196730K [0x00000000eab00000, 0x00000000ff080000, 0x0000000100000000)
  eden space 231936K, 66% used [0x00000000eab00000,0x00000000f4262a00,0x00000000f8d80000)
  from space 45056K, 92% used [0x00000000fc000000,0x00000000fe8bc120,0x00000000fec00000)
  to   space 50688K, 0% used [0x00000000f8d80000,0x00000000f8d80000,0x00000000fbf00000)
 ParOldGen       total 195584K, used 76088K [0x00000000c0000000, 0x00000000cbf00000, 0x00000000eab00000)
  object space 195584K, 38% used [0x00000000c0000000,0x00000000c4a4e328,0x00000000cbf00000)
 Metaspace       used 55565K, capacity 59112K, committed 59160K, reserved 1099776K
  class space    used 8236K, capacity 9344K, committed 9392K, reserved 1048576K
Event: 36.076 GC heap after
Heap after GC invocations=15 (full 2):
 PSYoungGen      total 282624K, used 43591K [0x00000000eab00000, 0x0000000100000000, 0x0000000100000000)
  eden space 231936K, 0% used [0x00000000eab00000,0x00000000eab00000,0x00000000f8d80000)
  from space 50688K, 85% used [0x00000000f8d80000,0x00000000fb811c58,0x00000000fbf00000)
  to   space 55808K, 0% used [0x00000000fc980000,0x00000000fc980000,0x0000000100000000)
 ParOldGen       total 195584K, used 76096K [0x00000000c0000000, 0x00000000cbf00000, 0x00000000eab00000)
  object space 195584K, 38% used [0x00000000c0000000,0x00000000c4a50328,0x00000000cbf00000)
 Metaspace       used 55565K, capacity 59112K, committed 59160K, reserved 1099776K
  class space    used 8236K, capacity 9344K, committed 9392K, reserved 1048576K
}
Event: 36.076 GC heap before
{Heap before GC invocations=16 (full 3):
 PSYoungGen      total 282624K, used 43591K [0x00000000eab00000, 0x0000000100000000, 0x0000000100000000)
  eden space 231936K, 0% used [0x00000000eab00000,0x00000000eab00000,0x00000000f8d80000)
  from space 50688K, 85% used [0x00000000f8d80000,0x00000000fb811c58,0x00000000fbf00000)
  to   space 55808K, 0% used [0x00000000fc980000,0x00000000fc980000,0x0000000100000000)
 ParOldGen       total 195584K, used 76096K [0x00000000c0000000, 0x00000000cbf00000, 0x00000000eab00000)
  object space 195584K, 38% used [0x00000000c0000000,0x00000000c4a50328,0x00000000cbf00000)
 Metaspace       used 55565K, capacity 59112K, committed 59160K, reserved 1099776K
  class space    used 8236K, capacity 9344K, committed 9392K, reserved 1048576K
Event: 36.359 GC heap after
Heap after GC invocations=16 (full 3):
 PSYoungGen      total 282624K, used 0K [0x00000000eab00000, 0x0000000100000000, 0x0000000100000000)
  eden space 231936K, 0% used [0x00000000eab00000,0x00000000eab00000,0x00000000f8d80000)
  from space 50688K, 0% used [0x00000000f8d80000,0x00000000f8d80000,0x00000000fbf00000)
  to   space 55808K, 0% used [0x00000000fc980000,0x00000000fc980000,0x0000000100000000)
 ParOldGen       total 361472K, used 109249K [0x00000000c0000000, 0x00000000d6100000, 0x00000000eab00000)
  object space 361472K, 30% used [0x00000000c0000000,0x00000000c6ab0798,0x00000000d6100000)
 Metaspace       used 55565K, capacity 59112K, committed 59160K, reserved 1099776K
  class space    used 8236K, capacity 9344K, committed 9392K, reserved 1048576K
}

Deoptimization events (10 events):
Event: 34.505 Thread 0x000000001c05a000 Uncommon trap: reason=unstable_if action=reinterpret pc=0x00000000042c1c7c method=sun.nio.ch.Util$BufferCache.get(I)Ljava/nio/ByteBuffer; @ 25
Event: 36.028 Thread 0x000000001c05a000 Uncommon trap: reason=unstable_if action=reinterpret pc=0x0000000003f2d6e4 method=java.util.concurrent.locks.ReentrantLock$Sync.nonfairTryAcquire(I)Z @ 19
Event: 36.376 Thread 0x000000001990c800 Uncommon trap: reason=unstable_if action=reinterpret pc=0x0000000003930eec method=java.util.regex.Pattern.compile()V @ 126
Event: 36.399 Thread 0x000000002112e800 Uncommon trap: reason=unstable_if action=reinterpret pc=0x0000000003f8fa4c method=com.google.common.collect.MapMakerInternalMap$Segment.getEntry(Ljava/lang/Object;I)Lcom/google/common/collect/MapMakerInternalMap$ReferenceEntry; @ 40
Event: 36.399 Thread 0x000000002112e800 Uncommon trap: reason=unstable_if action=reinterpret pc=0x0000000003b25c78 method=com.google.common.collect.MapMakerInternalMap$Segment.getEntry(Ljava/lang/Object;I)Lcom/google/common/collect/MapMakerInternalMap$ReferenceEntry; @ 40
Event: 36.399 Thread 0x000000002112e800 Uncommon trap: reason=unstable_if action=reinterpret pc=0x00000000037907d8 method=com.google.common.collect.MapMakerInternalMap$Segment.getEntry(Ljava/lang/Object;I)Lcom/google/common/collect/MapMakerInternalMap$ReferenceEntry; @ 40
Event: 38.438 Thread 0x000000002112e800 Uncommon trap: reason=unstable_if action=reinterpret pc=0x00000000042f5740 method=java.util.zip.ZipInputStream.readLOC()Ljava/util/zip/ZipEntry; @ 103
Event: 38.438 Thread 0x000000002112e800 Uncommon trap: reason=unstable_if action=reinterpret pc=0x00000000032f2e50 method=java.util.zip.ZipInputStream.readLOC()Ljava/util/zip/ZipEntry; @ 103
Event: 38.485 Thread 0x000000002112e800 Uncommon trap: reason=unstable_if action=reinterpret pc=0x0000000004163cbc method=sun.util.calendar.BaseCalendar.getFixedDate(IIILsun/util/calendar/BaseCalendar$Date;)J @ 33
Event: 42.072 Thread 0x0000000019905000 Uncommon trap: reason=speculate_class_check action=maybe_recompile pc=0x0000000003a8e388 method=java.util.AbstractList.listIterator()Ljava/util/ListIterator; @ 2

Internal exceptions (10 events):
Event: 12.687 Thread 0x000000001f945000 Exception <a 'java/lang/NoSuchMethodError': <clinit>> (0x00000000f40f15c0) thrown at [C:\re\workspace\8-2-build-windows-amd64-cygwin\jdk8u144\9417\hotspot\src\share\vm\prims\jni.cpp, line 1613]
Event: 12.697 Thread 0x000000002112c800 Exception <a 'java/lang/ClassNotFoundException': org/gradle/api/internal/file/DefaultCompositeFileTreeBeanInfo> (0x00000000f4398020) thrown at [C:\re\workspace\8-2-build-windows-amd64-cygwin\jdk8u144\9417\hotspot\src\share\vm\classfile\systemDictionary.cp
Event: 12.697 Thread 0x000000002112c800 Exception <a 'java/lang/ClassNotFoundException': org/gradle/api/internal/file/DefaultCompositeFileTreeCustomizer> (0x00000000f43ab208) thrown at [C:\re\workspace\8-2-build-windows-amd64-cygwin\jdk8u144\9417\hotspot\src\share\vm\classfile\systemDictionary.
Event: 31.392 Thread 0x000000002112e800 Implicit null exception at 0x000000000415a29b to 0x000000000415b5d9
Event: 31.392 Thread 0x000000002112e800 Implicit null exception at 0x0000000004154b4f to 0x00000000041557ed
Event: 31.749 Thread 0x000000002112e800 Exception <a 'java/lang/ClassNotFoundException': aQute/bnd/gradle/BndUtilsBeanInfo> (0x00000000f144f238) thrown at [C:\re\workspace\8-2-build-windows-amd64-cygwin\jdk8u144\9417\hotspot\src\share\vm\classfile\systemDictionary.cpp, line 210]
Event: 31.749 Thread 0x000000002112e800 Exception <a 'java/lang/ClassNotFoundException': aQute/bnd/gradle/BndUtilsCustomizer> (0x00000000f14538d0) thrown at [C:\re\workspace\8-2-build-windows-amd64-cygwin\jdk8u144\9417\hotspot\src\share\vm\classfile\systemDictionary.cpp, line 210]
Event: 34.234 Thread 0x000000001c05a000 Exception <a 'java/lang/NoSuchMethodError': <clinit>> (0x00000000f3ac47b8) thrown at [C:\re\workspace\8-2-build-windows-amd64-cygwin\jdk8u144\9417\hotspot\src\share\vm\prims\jni.cpp, line 1613]
Event: 34.234 Thread 0x000000001c05a000 Exception <a 'java/lang/NoSuchMethodError': <clinit>> (0x00000000f3acf468) thrown at [C:\re\workspace\8-2-build-windows-amd64-cygwin\jdk8u144\9417\hotspot\src\share\vm\prims\jni.cpp, line 1613]
Event: 36.398 Thread 0x000000002112e800 Implicit null exception at 0x0000000003f8f45a to 0x0000000003f8fa21

Events (10 events):
Event: 38.487 loading class org/apache/tools/zip/Zip64ExtendedInformationExtraField done
Event: 38.487 loading class org/apache/tools/zip/ZipEightByteInteger
Event: 38.487 loading class org/apache/tools/zip/ZipEightByteInteger done
Event: 42.072 Thread 0x0000000019905000 Uncommon trap: trap_request=0xffffff76 fr.pc=0x0000000003a8e388
Event: 42.072 Thread 0x0000000019905000 DEOPT PACKING pc=0x0000000003a8e388 sp=0x000000001aa0ea80
Event: 42.072 Thread 0x0000000019905000 DEOPT UNPACKING pc=0x00000000028d582a sp=0x000000001aa0e9c8 mode 2
Event: 42.882 Executing VM operation: RevokeBias
Event: 42.882 Executing VM operation: RevokeBias done
Event: 42.882 Executing VM operation: RevokeBias
Event: 42.882 Executing VM operation: RevokeBias done


Dynamic libraries:
0x000000013fe10000 - 0x000000013fe47000 	C:\Java\jdk1.8.0_144\bin\java.exe
0x00000000774f0000 - 0x000000007769a000 	C:\Windows\SYSTEM32\ntdll.dll
0x00000000773d0000 - 0x00000000774ef000 	C:\Windows\system32\kernel32.dll
0x000007fefd4f0000 - 0x000007fefd55a000 	C:\Windows\system32\KERNELBASE.dll
0x000007fefe870000 - 0x000007fefe94b000 	C:\Windows\system32\ADVAPI32.dll
0x000007feff760000 - 0x000007feff7ff000 	C:\Windows\system32\msvcrt.dll
0x000007fefed60000 - 0x000007fefed7f000 	C:\Windows\SYSTEM32\sechost.dll
0x000007fefe5b0000 - 0x000007fefe6dd000 	C:\Windows\system32\RPCRT4.dll
0x00000000772d0000 - 0x00000000773ca000 	C:\Windows\system32\USER32.dll
0x000007fefd5a0000 - 0x000007fefd607000 	C:\Windows\system32\GDI32.dll
0x000007fefe4d0000 - 0x000007fefe4de000 	C:\Windows\system32\LPK.dll
0x000007fefe400000 - 0x000007fefe4cb000 	C:\Windows\system32\USP10.dll
0x000007fefbb80000 - 0x000007fefbd74000 	C:\Windows\WinSxS\amd64_microsoft.windows.common-controls_6595b64144ccf1df_6.0.7601.23403_none_e36ad4593102f066\COMCTL32.dll
0x000007fefea50000 - 0x000007fefeac1000 	C:\Windows\system32\SHLWAPI.dll
0x000007fefe580000 - 0x000007fefe5ae000 	C:\Windows\system32\IMM32.DLL
0x000007fefe6e0000 - 0x000007fefe7e9000 	C:\Windows\system32\MSCTF.dll
0x00000000737a0000 - 0x00000000737d9000 	C:\PROGRA~2\Sophos\SOPHOS~1\SOPHOS~2.DLL
0x00000000776c0000 - 0x00000000776c7000 	C:\Windows\system32\PSAPI.DLL
0x0000000052500000 - 0x00000000525d2000 	C:\Java\jdk1.8.0_144\jre\bin\msvcr100.dll
0x0000000051c60000 - 0x00000000524fd000 	C:\Java\jdk1.8.0_144\jre\bin\server\jvm.dll
0x000007fee88a0000 - 0x000007fee88a9000 	C:\Windows\system32\WSOCK32.dll
0x000007feff3e0000 - 0x000007feff42d000 	C:\Windows\system32\WS2_32.dll
0x000007fefeb70000 - 0x000007fefeb78000 	C:\Windows\system32\NSI.dll
0x000007fefae10000 - 0x000007fefae4b000 	C:\Windows\system32\WINMM.dll
0x000007fefc350000 - 0x000007fefc35c000 	C:\Windows\system32\VERSION.dll
0x0000000051c50000 - 0x0000000051c5f000 	C:\Java\jdk1.8.0_144\jre\bin\verify.dll
0x0000000051c20000 - 0x0000000051c49000 	C:\Java\jdk1.8.0_144\jre\bin\java.dll
0x0000000051c00000 - 0x0000000051c16000 	C:\Java\jdk1.8.0_144\jre\bin\zip.dll
0x000007fefd610000 - 0x000007fefe39a000 	C:\Windows\system32\SHELL32.dll
0x000007fefef10000 - 0x000007feff10c000 	C:\Windows\system32\ole32.dll
0x000007fefd1e0000 - 0x000007fefd1ef000 	C:\Windows\system32\profapi.dll
0x0000000051bd0000 - 0x0000000051bea000 	C:\Java\jdk1.8.0_144\jre\bin\net.dll
0x000007fefc360000 - 0x000007fefc390000 	C:\ProgramData\Sophos\Web Intelligence\swi_ifslsp_64.dll
0x000007fefc970000 - 0x000007fefc9c5000 	C:\Windows\system32\mswsock.dll
0x000007fefc960000 - 0x000007fefc967000 	C:\Windows\System32\wship6.dll
0x0000000051bb0000 - 0x0000000051bc1000 	C:\Java\jdk1.8.0_144\jre\bin\nio.dll
0x000007feeaff0000 - 0x000007feeb00e000 	C:\Users\graefca\.gradle\native\25\windows-amd64\native-platform.dll
0x0000000051bf0000 - 0x0000000051bfd000 	C:\Java\jdk1.8.0_144\jre\bin\management.dll
0x000007fefcc00000 - 0x000007fefcc18000 	C:\Windows\system32\CRYPTSP.dll
0x000007fefc6a0000 - 0x000007fefc6e7000 	C:\Windows\system32\rsaenh.dll
0x000007fefd580000 - 0x000007fefd59f000 	C:\Windows\system32\USERENV.dll
0x000007fefd080000 - 0x000007fefd08f000 	C:\Windows\system32\CRYPTBASE.dll
0x000007fefbe90000 - 0x000007fefbeb7000 	C:\Windows\system32\IPHLPAPI.DLL
0x000007fefc340000 - 0x000007fefc34b000 	C:\Windows\system32\WINNSI.DLL
0x000007fefa1e0000 - 0x000007fefa1f1000 	C:\Windows\system32\dhcpcsvc6.DLL
0x000007fefa200000 - 0x000007fefa218000 	C:\Windows\system32\dhcpcsvc.DLL
0x000007fefd020000 - 0x000007fefd077000 	C:\Windows\system32\apphelp.dll
0x000007fefaed0000 - 0x000007fefaee5000 	C:\Windows\system32\NLAapi.dll
0x000007fefa250000 - 0x000007fefa265000 	C:\Windows\system32\napinsp.dll
0x000007fefa230000 - 0x000007fefa249000 	C:\Windows\system32\pnrpnsp.dll
0x000007fefc7c0000 - 0x000007fefc81b000 	C:\Windows\system32\DNSAPI.dll
0x000007fefa220000 - 0x000007fefa22b000 	C:\Windows\System32\winrnr.dll
0x000007fefc330000 - 0x000007fefc337000 	C:\Windows\System32\wshtcpip.dll
0x000007fefa170000 - 0x000007fefa178000 	C:\Windows\system32\rasadhlp.dll
0x000007fefa180000 - 0x000007fefa1d3000 	C:\Windows\System32\fwpuclnt.dll

VM Arguments:
jvm_args: -XX:+HeapDumpOnOutOfMemoryError -Xmx1024m -Dfile.encoding=windows-1252 -Duser.country=DE -Duser.language=de -Duser.variant -Doracle.net.tns_admin=Q:\Programme\Oracle\NETWORK\ADMIN 
java_command: org.gradle.launcher.daemon.bootstrap.GradleDaemon 4.3
java_class_path (initial): C:\Users\graefca\.gradle\wrapper\dists\gradle-4.3-bin\452wx51oxqsia28686mgqhot6\gradle-4.3\lib\gradle-launcher-4.3.jar
Launcher Type: SUN_STANDARD

Environment Variables:
JAVA_HOME=C:\Java\jdk1.8.0_144
_JAVA_OPTIONS=-Doracle.net.tns_admin=Q:\Programme\Oracle\NETWORK\ADMIN
PATH=H:\bin;C:\Program Files\Git\mingw64\bin;C:\Program Files\Git\usr\local\bin;C:\Program Files\Git\usr\bin;C:\Program Files\Git\usr\bin;C:\Program Files\Git\mingw64\bin;C:\Program Files\Git\usr\bin;H:\bin;C:\ProgramData\Oracle\Java\javapath;C:\oraclexe\app\oracle\product\11.2.0\server\bin;C:\Programme\Ora11203\Client_1\bin;C:\Windows\system32;C:\Windows;C:\Windows\System32\Wbem;C:\Windows\System32\WindowsPowerShell\v1.0;C:\Program Files (x86)\Subversion\bin;C:\Java\jdk1.8.0_144\bin;D:\dev\gradle\bin;C:\Program Files (x86)\Microsoft SQL Server\100\Tools\Binn;C:\Program Files\Microsoft SQL Server\100\Tools\Binn;C:\Program Files\Microsoft SQL Server\100\DTS\Binn;C:\Program Files (x86)\Microsoft SQL Server\100\Tools\Binn\VSShell\Common7\IDE;C:\Program Files (x86)\Microsoft SQL Server\100\DTS\Bin;C:\Program Files (x86)\Mono-3.2.3\bin;C:\dev\groovy\bin;C:\tools\apache-ant-1.9.3\bin;C:\Program Files (x86)\Git\cmd;C:\tools\apache-maven-3.3.9\bin;C:\Program Files\TortoiseGit\bin;C:\Program Files (x86)\Enterprise Vault\EVClient;C:\Program Files (x86)\Microsoft SQL Server\100\DTS\Binn;C:\Users\graefca\AppData\Local\Mozilla Firefox;C:\tools\jbake-2.4.0\bin;C:\Program Files\Git\cmd;C:\tools\spring-1.4.0.RELEASE\bin;C:\Python27;C:\tools\activator-1.3.10-minimal\bin;C:\Program Files\Amazon\AWSCLI;C:\Program Files (x86)\GTK2-Runtime\bin;C:\Program Files\Common Files\GTK\2.0\bin;C:\Program Files\TortoiseSVN\bin;C:\Program Files (x86)\scala\bin;C:\Program Files (x86)\sbt\bin;C:\Program Files (x86)\Microsoft VS Code\bin;C:\Users\graefca\AppData\Local\atom\bin;C:\Program Files (x86)\NSIS;C:\tools\node-v6.10.0-win-x64;C:\tools\node-v6.10.0-win-x64\node_modules\npm\bin;C:\Program Files\Docker Toolbox;C:\Java\jdk1.8.0_144\bin;C:\Program Files\Git\usr\bin\vendor_perl;C:\Program Files\Git\usr\bin\core_perl
USERNAME=graefca
SHELL=C:\Program Files\Git\usr\bin\bash
DISPLAY=needs-to-be-defined
OS=Windows_NT
PROCESSOR_IDENTIFIER=Intel64 Family 6 Model 60 Stepping 3, GenuineIntel



---------------  S Y S T E M  ---------------

OS: Windows 7 , 64 bit Build 7601 (6.1.7601.23915)

CPU:total 8 (initial active 8) (4 cores per cpu, 2 threads per core) family 6 model 60 stepping 3, cmov, cx8, fxsr, mmx, sse, sse2, sse3, ssse3, sse4.1, sse4.2, popcnt, avx, avx2, aes, clmul, erms, lzcnt, ht, tsc, tscinvbit, bmi1, bmi2

Memory: 4k page, physical 16658648k(1163320k free), swap 20801940k(4112k free)

vm_info: Java HotSpot(TM) 64-Bit Server VM (25.144-b01) for windows-amd64 JRE (1.8.0_144-b01), built on Jul 21 2017 21:57:33 by "java_re" with MS VC++ 10.0 (VS2010)

time: Tue Dec 12 15:19:52 2017
elapsed time: 43 seconds (0d 0h 0m 43s)

