2015-09-18 14:07:17,502 DEBUG io.skysail.server.app.SkysailApplication - Instanciating new Skysail Application 'SkysailRootApplication'
2015-09-18 14:07:17,524 INFO  io.skysail.server.app.ApplicationList - (+) Adding application 'root'
2015-09-18 14:07:17,534 INFO  i.s.s.f.repositories.ConfigAdminFeatureStateRepository - activating ConfigAdminFeatureStateRepository with config {service.pid=io.skysail.server.features.repositories.ConfigAdminFeatureStateRepository, USE_CREDENTIALS_CACHE_FEATURE=false, de.twenty11.skysail.server.core.restlet.SecurityFeatures.ALLOW_ORIGIN_FEATURE=true, component.name=io.skysail.server.features.repositories.ConfigAdminFeatureStateRepository, felix.fileinstall.filename=file:/C:/git/skysail-apps/skysail.server.app.bb/config/io.skysail.server.features.repositories.ConfigAdminFeatureStateRepository.cfg, component.id=10}
2015-09-18 14:07:17,536 INFO  io.skysail.server.services.ServerLoad - activating ServerLoad task
2015-09-18 14:07:17,550 INFO  io.skysail.server.services.ServerTime - activating ServerTime task
2015-09-18 14:07:17,563 DEBUG d.t.s.s.c.o.i.listener.SkysailServerBundleListener - could not send bundleStartedMessage for skysail.server.app.clipboard
2015-09-18 14:07:17,580 DEBUG d.t.s.s.c.o.i.listener.SkysailServerBundleListener - could not send bundleStartedMessage for skysail.api
2015-09-18 14:07:17,581 DEBUG d.t.s.s.c.o.i.listener.SkysailServerBundleListener - could not send bundleStartedMessage for skysail.server.app.bb
2015-09-18 14:07:17,608 DEBUG io.skysail.server.app.SkysailApplication - Instanciating new Skysail Application 'WebappApplication'
2015-09-18 14:07:17,611 DEBUG io.skysail.server.app.SkysailApplication - Activating Application io.skysail.server.converter.WebappApplication
2015-09-18 14:07:17,611 INFO  io.skysail.server.app.ApplicationList - (+) Adding application 'webapp'
2015-09-18 14:07:17,613 DEBUG d.t.s.s.c.o.i.listener.SkysailServerBundleListener - could not send bundleStartedMessage for skysail.server.converter
2015-09-18 14:07:17,636 INFO  io.skysail.server.db.DbConfigurations - activating DbConfigurations with config DbConfig(name=skysail, driver=, url=plocal:db/todos, username=)
2015-09-18 14:07:17,641 DEBUG io.skysail.server.app.SkysailApplication - Instanciating new Skysail Application 'ClipboardApplication'
2015-09-18 14:07:17,643 DEBUG io.skysail.server.app.SkysailApplication - Activating Application io.skysail.server.app.clipboard.ClipboardApplication
2015-09-18 14:07:17,643 INFO  io.skysail.server.app.ApplicationList - (+) Adding application 'clipboard'
2015-09-18 14:07:17,685 INFO  io.skysail.server.db.DbConfigurations - activating DbConfigurations with config DbConfig(name=skysailgraph, driver=, url=remote:localhost/skysailcrm, username=admin)
2015-09-18 14:07:18,811 DEBUG d.t.skysail.server.db.orientdb.OrientGraphDbService - activating de.twenty11.skysail.server.db.orientdb.OrientGraphDbService
2015-09-18 14:07:18,823 DEBUG d.t.skysail.server.db.orientdb.OrientGraphDbService - ODB graph function [ine] is registered: [Syntax error: inE([<labels>])]
2015-09-18 14:07:18,824 DEBUG d.t.skysail.server.db.orientdb.OrientGraphDbService - ODB graph function [oute] is registered: [Syntax error: outE([<labels>])]
2015-09-18 14:07:18,824 DEBUG d.t.skysail.server.db.orientdb.OrientGraphDbService - ODB graph function [in] is registered: [Syntax error: in([<labels>])]
2015-09-18 14:07:18,824 DEBUG d.t.skysail.server.db.orientdb.OrientGraphDbService - ODB graph function [dijkstra] is registered: [dijkstra(<sourceVertex>, <destinationVertex>, <weightEdgeFieldName>, [<direction>])]
2015-09-18 14:07:18,824 DEBUG d.t.skysail.server.db.orientdb.OrientGraphDbService - ODB graph function [label] is registered: [Syntax error: label()]
2015-09-18 14:07:18,824 DEBUG d.t.skysail.server.db.orientdb.OrientGraphDbService - ODB graph function [bothv] is registered: [Syntax error: bothV([<labels>])]
2015-09-18 14:07:18,824 DEBUG d.t.skysail.server.db.orientdb.OrientGraphDbService - ODB graph function [out] is registered: [Syntax error: out([<labels>])]
2015-09-18 14:07:18,824 DEBUG d.t.skysail.server.db.orientdb.OrientGraphDbService - ODB graph function [both] is registered: [Syntax error: both([<labels>])]
2015-09-18 14:07:18,824 DEBUG d.t.skysail.server.db.orientdb.OrientGraphDbService - ODB graph function [inv] is registered: [Syntax error: inV([<labels>])]
2015-09-18 14:07:18,824 DEBUG d.t.skysail.server.db.orientdb.OrientGraphDbService - ODB graph function [gremlin] is registered: [gremlin(<gremlin-expression>)]
2015-09-18 14:07:18,824 DEBUG d.t.skysail.server.db.orientdb.OrientGraphDbService - ODB graph function [shortestpath] is registered: [shortestPath(<sourceVertex>, <destinationVertex>, [<direction>, [ <edgeTypeAsString> ]])]
2015-09-18 14:07:18,824 DEBUG d.t.skysail.server.db.orientdb.OrientGraphDbService - ODB graph function [outv] is registered: [Syntax error: outV([<labels>])]
2015-09-18 14:07:18,825 DEBUG d.t.skysail.server.db.orientdb.OrientGraphDbService - ODB graph function [bothe] is registered: [Syntax error: bothE([<labels>])]
2015-09-18 14:07:18,825 DEBUG d.t.s.s.c.o.i.listener.SkysailServerBundleListener - could not send bundleStartedMessage for skysail.server.db
2015-09-18 14:07:18,882 INFO  io.skysail.server.http.HttpServer - Activating io.skysail.server.http.HttpServer
2015-09-18 14:07:18,891 INFO  de.twenty11.skysail.server.SkysailComponent - Creating Restlet Component: de.twenty11.skysail.server.SkysailComponent
2015-09-18 14:07:18,904 INFO  io.skysail.server.http.HttpServer - configuration was provided
2015-09-18 14:07:18,904 INFO  io.skysail.server.http.HttpServer - 
2015-09-18 14:07:18,905 INFO  io.skysail.server.http.HttpServer - ====================================
2015-09-18 14:07:18,905 DEBUG d.t.s.s.c.o.i.listener.SkysailServerBundleListener - could not send bundleStartedMessage for skysail.server.http
2015-09-18 14:07:18,905 INFO  io.skysail.server.http.HttpServer - Starting skysail server on port 2015
2015-09-18 14:07:18,905 INFO  io.skysail.server.http.HttpServer - ====================================
2015-09-18 14:07:18,905 INFO  io.skysail.server.http.HttpServer - 
2015-09-18 14:07:18,915 DEBUG io.skysail.server.app.SkysailApplication - Instanciating new Skysail Application 'PolymerStaticWebapp'
2015-09-18 14:07:18,916 DEBUG io.skysail.server.app.SkysailApplication - Activating Application io.skysail.server.polymer.PolymerStaticWebapp
2015-09-18 14:07:18,916 INFO  io.skysail.server.app.ApplicationList - (+) Adding application '_polymer'
2015-09-18 14:07:18,921 DEBUG d.t.s.s.c.o.i.listener.SkysailServerBundleListener - could not send bundleStartedMessage for skysail.server.polymer
2015-09-18 14:07:18,921 DEBUG d.t.s.s.c.o.i.listener.SkysailServerBundleListener - could not send bundleStartedMessage for skysail.server.queryfilter
2015-09-18 14:07:18,923 DEBUG org.eclipse.jetty.util.log - Logging to Logger[org.eclipse.jetty.util.log] via org.eclipse.jetty.util.log.Slf4jLog
2015-09-18 14:07:18,931 DEBUG io.skysail.server.app.SkysailApplication - Instanciating new Skysail Application 'WebappApplication'
2015-09-18 14:07:18,931 DEBUG io.skysail.server.app.SkysailApplication - Activating Application de.twenty11.skysail.server.webapp.internal.WebappApplication
2015-09-18 14:07:18,931 INFO  io.skysail.server.app.ApplicationList - (+) Adding application 'static'
2015-09-18 14:07:18,933 DEBUG d.t.s.s.c.o.i.listener.SkysailServerBundleListener - could not send bundleStartedMessage for skysail.server.static
2015-09-18 14:07:18,936 INFO  org.eclipse.jetty.util.log - Logging initialized @5034ms
2015-09-18 14:07:18,947 DEBUG org.eclipse.jetty.util.component.ContainerLifeCycle - org.restlet.ext.jetty.JettyServerHelper$WrappedServer@12049668 added {qtp1735514608{STOPPED,8<=0<=200,i=0,q=0},AUTO}
2015-09-18 14:07:18,951 DEBUG io.skysail.server.app.SkysailApplication - Instanciating new Skysail Application 'SimpleUserManagementApplication'
2015-09-18 14:07:18,951 DEBUG io.skysail.server.app.SkysailApplication - Activating Application io.skysail.server.um.simple.app.SimpleUserManagementApplication
2015-09-18 14:07:18,953 DEBUG org.eclipse.jetty.util.component.ContainerLifeCycle - HttpConnectionFactory@4e583114{HTTP/1.1} added {HttpConfiguration@4a7739{32768/8192,8192/8192,https://:0,[]},POJO}
2015-09-18 14:07:18,957 DEBUG org.eclipse.jetty.util.component.ContainerLifeCycle - ServerConnector@41612942{null}{0.0.0.0:0} added {org.restlet.ext.jetty.JettyServerHelper$WrappedServer@12049668,UNMANAGED}
2015-09-18 14:07:18,957 DEBUG org.eclipse.jetty.util.component.ContainerLifeCycle - ServerConnector@41612942{null}{0.0.0.0:0} added {qtp1735514608{STOPPED,8<=0<=200,i=0,q=0},AUTO}
2015-09-18 14:07:18,957 DEBUG org.eclipse.jetty.util.component.ContainerLifeCycle - ServerConnector@41612942{null}{0.0.0.0:0} added {org.eclipse.jetty.util.thread.ScheduledExecutorScheduler@79a1cbb4,AUTO}
2015-09-18 14:07:18,957 DEBUG org.eclipse.jetty.util.component.ContainerLifeCycle - ServerConnector@41612942{null}{0.0.0.0:0} added {org.eclipse.jetty.io.ArrayByteBufferPool@1c5e4f68,POJO}
2015-09-18 14:07:18,958 DEBUG org.eclipse.jetty.util.component.ContainerLifeCycle - ServerConnector@41612942{null}{0.0.0.0:0} added {HttpConnectionFactory@4e583114{HTTP/1.1},AUTO}
2015-09-18 14:07:18,958 DEBUG i.s.s.u.s.a.SkysailHashedCredentialsMatcher - cacheManager set in io.skysail.server.um.simple.authentication.SkysailHashedCredentialsMatcher
2015-09-18 14:07:18,959 DEBUG org.eclipse.jetty.util.component.ContainerLifeCycle - ServerConnector@41612942{HTTP/1.1}{0.0.0.0:0} added {org.eclipse.jetty.server.ServerConnector$ServerConnectorManager@4bf690a3,MANAGED}
2015-09-18 14:07:18,959 DEBUG org.eclipse.jetty.util.component.ContainerLifeCycle - org.restlet.ext.jetty.JettyServerHelper$WrappedServer@12049668 added {ServerConnector@41612942{HTTP/1.1}{0.0.0.0:2015},AUTO}
2015-09-18 14:07:18,961 DEBUG org.eclipse.jetty.util.component.ContainerLifeCycle - org.restlet.ext.jetty.JettyServerHelper$WrappedServer@12049668 added {org.eclipse.jetty.server.LowResourceMonitor@2b7c3f9a,AUTO}
2015-09-18 14:07:18,961 INFO  org.restlet - Starting the Jetty [HTTP/1.1] server on port 2015
2015-09-18 14:07:18,961 DEBUG org.eclipse.jetty.util.component.AbstractLifeCycle - starting org.restlet.ext.jetty.JettyServerHelper$WrappedServer@12049668
2015-09-18 14:07:18,963 INFO  org.eclipse.jetty.server.Server - jetty-9.2.11.v20150529
2015-09-18 14:07:18,974 DEBUG org.eclipse.jetty.server.handler.AbstractHandler - starting org.restlet.ext.jetty.JettyServerHelper$WrappedServer@12049668
2015-09-18 14:07:18,975 DEBUG org.eclipse.jetty.util.component.AbstractLifeCycle - starting qtp1735514608{STOPPED,8<=0<=200,i=0,q=0}
2015-09-18 14:07:18,976 DEBUG org.eclipse.jetty.util.component.AbstractLifeCycle - STARTED @5074ms qtp1735514608{STARTED,8<=8<=200,i=5,q=0}
2015-09-18 14:07:18,977 DEBUG org.eclipse.jetty.util.component.AbstractLifeCycle - starting org.eclipse.jetty.server.LowResourceMonitor@2b7c3f9a
2015-09-18 14:07:18,977 DEBUG org.eclipse.jetty.util.component.AbstractLifeCycle - starting org.eclipse.jetty.server.LowResourceMonitor$LRMScheduler@525bc2b7
2015-09-18 14:07:18,978 DEBUG org.eclipse.jetty.util.component.AbstractLifeCycle - STARTED @5075ms org.eclipse.jetty.server.LowResourceMonitor$LRMScheduler@525bc2b7
2015-09-18 14:07:18,979 DEBUG org.eclipse.jetty.util.component.AbstractLifeCycle - STARTED @5077ms org.eclipse.jetty.server.LowResourceMonitor@2b7c3f9a
2015-09-18 14:07:18,979 DEBUG org.eclipse.jetty.util.component.AbstractLifeCycle - starting ServerConnector@41612942{HTTP/1.1}{0.0.0.0:2015}
2015-09-18 14:07:18,985 DEBUG org.eclipse.jetty.util.component.ContainerLifeCycle - ServerConnector@41612942{HTTP/1.1}{0.0.0.0:2015} added {sun.nio.ch.ServerSocketChannelImpl[/0:0:0:0:0:0:0:0:2015],POJO}
2015-09-18 14:07:18,986 DEBUG org.eclipse.jetty.util.component.AbstractLifeCycle - starting org.eclipse.jetty.util.thread.ScheduledExecutorScheduler@79a1cbb4
2015-09-18 14:07:18,986 DEBUG org.eclipse.jetty.util.component.AbstractLifeCycle - STARTED @5083ms org.eclipse.jetty.util.thread.ScheduledExecutorScheduler@79a1cbb4
2015-09-18 14:07:18,986 DEBUG org.eclipse.jetty.util.component.AbstractLifeCycle - starting HttpConnectionFactory@4e583114{HTTP/1.1}
2015-09-18 14:07:18,986 DEBUG org.eclipse.jetty.util.component.AbstractLifeCycle - STARTED @5084ms HttpConnectionFactory@4e583114{HTTP/1.1}
2015-09-18 14:07:18,986 DEBUG org.eclipse.jetty.util.component.AbstractLifeCycle - starting org.eclipse.jetty.server.ServerConnector$ServerConnectorManager@4bf690a3
2015-09-18 14:07:18,986 DEBUG org.apache.shiro.realm.AuthorizingRealm - No authorizationCache instance set.  Checking for a cacheManager...
2015-09-18 14:07:18,987 DEBUG org.apache.shiro.realm.AuthorizingRealm - CacheManager [MemoryConstrainedCacheManager with 0 cache(s)): []] has been configured.  Building authorization cache named [io.skysail.server.um.simple.authorization.SimpleAuthorizingRealm.authorizationCache]
2015-09-18 14:07:18,990 DEBUG org.eclipse.jetty.util.component.AbstractLifeCycle - starting org.eclipse.jetty.io.SelectorManager$ManagedSelector@38d2f80f keys=-1 selected=-1
2015-09-18 14:07:18,998 INFO  io.skysail.server.app.ApplicationList - (+) Adding application 'usermanagement'
2015-09-18 14:07:19,003 DEBUG d.t.s.s.c.o.i.listener.SkysailServerBundleListener - could not send bundleStartedMessage for skysail.server.um.simple
2015-09-18 14:07:19,004 DEBUG org.eclipse.jetty.util.component.AbstractLifeCycle - STARTED @5100ms org.eclipse.jetty.io.SelectorManager$ManagedSelector@38d2f80f keys=0 selected=0
2015-09-18 14:07:19,004 DEBUG org.eclipse.jetty.util.component.AbstractLifeCycle - starting org.eclipse.jetty.io.SelectorManager$ManagedSelector@24b05439 keys=-1 selected=-1
2015-09-18 14:07:19,006 DEBUG org.eclipse.jetty.util.component.AbstractLifeCycle - STARTED @5104ms org.eclipse.jetty.io.SelectorManager$ManagedSelector@24b05439 keys=0 selected=0
2015-09-18 14:07:19,007 DEBUG org.eclipse.jetty.util.component.AbstractLifeCycle - starting org.eclipse.jetty.io.SelectorManager$ManagedSelector@14801c1a keys=-1 selected=-1
2015-09-18 14:07:19,008 DEBUG org.eclipse.jetty.util.component.AbstractLifeCycle - STARTED @5105ms org.eclipse.jetty.io.SelectorManager$ManagedSelector@14801c1a keys=0 selected=0
2015-09-18 14:07:19,008 DEBUG org.eclipse.jetty.util.component.AbstractLifeCycle - starting org.eclipse.jetty.io.SelectorManager$ManagedSelector@13aec66b keys=-1 selected=-1
2015-09-18 14:07:19,009 DEBUG org.eclipse.jetty.util.component.AbstractLifeCycle - STARTED @5107ms org.eclipse.jetty.io.SelectorManager$ManagedSelector@13aec66b keys=0 selected=0
2015-09-18 14:07:19,010 DEBUG org.eclipse.jetty.util.component.AbstractLifeCycle - STARTED @5107ms org.eclipse.jetty.server.ServerConnector$ServerConnectorManager@4bf690a3
2015-09-18 14:07:19,010 DEBUG org.eclipse.jetty.util.component.ContainerLifeCycle - ServerConnector@41612942{HTTP/1.1}{0.0.0.0:2015} added {acceptor-0@467fb2c4,POJO}
2015-09-18 14:07:19,011 INFO  org.eclipse.jetty.server.ServerConnector - Started ServerConnector@41612942{HTTP/1.1}{0.0.0.0:2015}
2015-09-18 14:07:19,011 DEBUG org.eclipse.jetty.util.component.AbstractLifeCycle - STARTED @5108ms ServerConnector@41612942{HTTP/1.1}{0.0.0.0:2015}
2015-09-18 14:07:19,011 INFO  org.eclipse.jetty.server.Server - Started @5109ms
2015-09-18 14:07:19,011 DEBUG org.eclipse.jetty.util.component.AbstractLifeCycle - STARTED @5109ms org.restlet.ext.jetty.JettyServerHelper$WrappedServer@12049668
2015-09-18 14:07:19,017 DEBUG d.t.s.s.c.o.i.listener.SkysailServerBundleListener - could not send bundleStartedMessage for slf4j.api
2015-09-18 14:07:19,018 DEBUG d.t.s.s.c.o.i.listener.SkysailServerBundleListener - could not send bundleStartedMessage for de.twentyeleven.skysail.org.antlr.stringtemplate-osgi
2015-09-18 14:07:19,018 DEBUG d.t.s.s.c.o.i.listener.SkysailServerBundleListener - could not send bundleStartedMessage for com.beust.jcommander
2015-09-18 14:07:19,018 DEBUG d.t.s.s.c.o.i.listener.SkysailServerBundleListener - could not send bundleStartedMessage for stax2-api
2015-09-18 14:07:19,018 DEBUG d.t.s.s.c.o.i.listener.SkysailServerBundleListener - could not send bundleStartedMessage for com.fasterxml.jackson.module.jackson-module-jaxb-annotations
2015-09-18 14:07:19,018 DEBUG d.t.s.s.c.o.i.listener.SkysailServerBundleListener - could not send bundleStartedMessage for com.fasterxml.jackson.module.jackson-module-jsonSchema
2015-09-18 14:07:19,018 DEBUG d.t.s.s.c.o.i.listener.SkysailServerBundleListener - could not send bundleStartedMessage for org.codehaus.jettison.jettison
2015-09-18 14:07:19,018 DEBUG d.t.s.s.c.o.i.listener.SkysailServerBundleListener - could not send bundleStartedMessage for org.jsoup
2015-09-18 14:07:19,019 DEBUG d.t.s.s.c.o.i.listener.SkysailServerBundleListener - could not send bundleStartedMessage for com.sun.mail.javax.mail
2015-09-18 14:07:19,019 DEBUG d.t.s.s.c.o.i.listener.SkysailServerBundleListener - could not send bundleStartedMessage for org.eclipse.jetty.util
2015-09-18 14:07:19,019 DEBUG d.t.s.s.c.o.i.listener.SkysailServerBundleListener - could not send bundleStartedMessage for org.eclipse.jetty.http
2015-09-18 14:07:19,019 DEBUG d.t.s.s.c.o.i.listener.SkysailServerBundleListener - could not send bundleStartedMessage for org.eclipse.jetty.io
2015-09-18 14:07:19,019 DEBUG d.t.s.s.c.o.i.listener.SkysailServerBundleListener - could not send bundleStartedMessage for org.eclipse.jetty.security
2015-09-18 14:07:19,019 DEBUG d.t.s.s.c.o.i.listener.SkysailServerBundleListener - could not send bundleStartedMessage for org.eclipse.jetty.server
2015-09-18 14:07:19,019 DEBUG d.t.s.s.c.o.i.listener.SkysailServerBundleListener - could not send bundleStartedMessage for org.eclipse.jetty.servlet
2015-09-18 14:07:19,022 DEBUG d.t.s.s.c.o.i.listener.SkysailServerBundleListener - could not send bundleStartedMessage for org.eclipse.jetty.webapp
2015-09-18 14:07:19,022 DEBUG d.t.s.s.c.o.i.listener.SkysailServerBundleListener - could not send bundleStartedMessage for org.eclipse.jetty.deploy
2015-09-18 14:07:19,022 DEBUG d.t.s.s.c.o.i.listener.SkysailServerBundleListener - could not send bundleStartedMessage for org.eclipse.jetty.xml
2015-09-18 14:07:19,022 DEBUG d.t.s.s.c.o.i.listener.SkysailServerBundleListener - could not send bundleStartedMessage for org.eclipse.jetty.client
2015-09-18 14:07:19,022 DEBUG d.t.s.s.c.o.i.listener.SkysailServerBundleListener - could not send bundleStartedMessage for org.restlet.ext.apispark
2015-09-18 14:07:19,024 DEBUG d.t.s.s.c.o.i.listener.SkysailServerBundleListener - could not send bundleStartedMessage for org.yaml.snakeyaml
2015-09-18 14:07:19,024 DEBUG d.t.s.s.c.o.i.listener.SkysailServerBundleListener - could not send bundleStartedMessage for org.apache.servicemix.bundles.jakarta-regexp
2015-09-18 14:07:19,025 DEBUG org.eclipse.jetty.io.SelectorManager - Starting Thread[qtp1735514608-72-selector-ServerConnectorManager@4bf690a3/0,5,Configuration Admin Service] on org.eclipse.jetty.io.SelectorManager$ManagedSelector@38d2f80f keys=0 selected=0
2015-09-18 14:07:19,026 DEBUG org.eclipse.jetty.io.SelectorManager - Starting Thread[qtp1735514608-73-selector-ServerConnectorManager@4bf690a3/1,5,Configuration Admin Service] on org.eclipse.jetty.io.SelectorManager$ManagedSelector@24b05439 keys=0 selected=0
2015-09-18 14:07:19,027 DEBUG org.eclipse.jetty.io.SelectorManager - Starting Thread[qtp1735514608-76-selector-ServerConnectorManager@4bf690a3/3,5,Configuration Admin Service] on org.eclipse.jetty.io.SelectorManager$ManagedSelector@13aec66b keys=0 selected=0
2015-09-18 14:07:19,028 DEBUG org.eclipse.jetty.io.SelectorManager - Starting Thread[qtp1735514608-74-selector-ServerConnectorManager@4bf690a3/2,5,Configuration Admin Service] on org.eclipse.jetty.io.SelectorManager$ManagedSelector@14801c1a keys=0 selected=0
2015-09-18 14:07:19,031 DEBUG org.eclipse.jetty.io.SelectorManager - Selector loop waiting on select
2015-09-18 14:07:19,033 DEBUG org.eclipse.jetty.io.SelectorManager - Selector loop waiting on select
2015-09-18 14:07:19,033 DEBUG org.eclipse.jetty.io.SelectorManager - Selector loop waiting on select
2015-09-18 14:07:19,033 DEBUG org.eclipse.jetty.io.SelectorManager - Selector loop waiting on select
2015-09-18 14:07:27,556 DEBUG org.apache.shiro.web.mgt.CookieRememberMeManager - SubjectContext argument is not an HTTP-aware instance.  This is required to obtain a servlet request and response in order to retrieve the rememberMe cookie. Returning immediately and ignoring rememberMe operation.
2015-09-18 14:07:27,556 DEBUG org.apache.shiro.web.mgt.CookieRememberMeManager - SubjectContext argument is not an HTTP-aware instance.  This is required to obtain a servlet request and response in order to retrieve the rememberMe cookie. Returning immediately and ignoring rememberMe operation.
2015-09-18 14:07:28,059 DEBUG de.twenty11.skysail.server.core.osgi.EventHelper - about to post event org.osgi.service.event.Event [topic=GUI/message/info]: -1.0
2015-09-18 14:07:28,059 DEBUG de.twenty11.skysail.server.core.osgi.EventHelper - about to post event org.osgi.service.event.Event [topic=GUI/message/info]: 14:07
2015-09-18 14:07:38,050 DEBUG de.twenty11.skysail.server.core.osgi.EventHelper - about to post event org.osgi.service.event.Event [topic=GUI/message/info]: -1.0
2015-09-18 14:07:48,050 DEBUG de.twenty11.skysail.server.core.osgi.EventHelper - about to post event org.osgi.service.event.Event [topic=GUI/message/info]: -1.0
2015-09-18 14:07:58,050 DEBUG de.twenty11.skysail.server.core.osgi.EventHelper - about to post event org.osgi.service.event.Event [topic=GUI/message/info]: -1.0
2015-09-18 14:08:08,050 DEBUG de.twenty11.skysail.server.core.osgi.EventHelper - about to post event org.osgi.service.event.Event [topic=GUI/message/info]: -1.0
2015-09-18 14:08:08,051 DEBUG de.twenty11.skysail.server.core.osgi.EventHelper - about to post event org.osgi.service.event.Event [topic=GUI/message/info]: 14:08
2015-09-18 14:08:18,050 DEBUG de.twenty11.skysail.server.core.osgi.EventHelper - about to post event org.osgi.service.event.Event [topic=GUI/message/info]: -1.0
2015-09-18 14:08:28,050 DEBUG de.twenty11.skysail.server.core.osgi.EventHelper - about to post event org.osgi.service.event.Event [topic=GUI/message/info]: -1.0
2015-09-18 14:08:38,050 DEBUG de.twenty11.skysail.server.core.osgi.EventHelper - about to post event org.osgi.service.event.Event [topic=GUI/message/info]: -1.0
2015-09-18 14:08:48,050 DEBUG de.twenty11.skysail.server.core.osgi.EventHelper - about to post event org.osgi.service.event.Event [topic=GUI/message/info]: -1.0
2015-09-18 14:08:58,050 DEBUG de.twenty11.skysail.server.core.osgi.EventHelper - about to post event org.osgi.service.event.Event [topic=GUI/message/info]: -1.0
2015-09-18 14:09:08,050 DEBUG de.twenty11.skysail.server.core.osgi.EventHelper - about to post event org.osgi.service.event.Event [topic=GUI/message/info]: -1.0
2015-09-18 14:09:08,051 DEBUG de.twenty11.skysail.server.core.osgi.EventHelper - about to post event org.osgi.service.event.Event [topic=GUI/message/info]: 14:09
2015-09-18 14:09:18,050 DEBUG de.twenty11.skysail.server.core.osgi.EventHelper - about to post event org.osgi.service.event.Event [topic=GUI/message/info]: -1.0
2015-09-18 14:09:28,050 DEBUG de.twenty11.skysail.server.core.osgi.EventHelper - about to post event org.osgi.service.event.Event [topic=GUI/message/info]: -1.0
2015-09-18 14:09:38,050 DEBUG de.twenty11.skysail.server.core.osgi.EventHelper - about to post event org.osgi.service.event.Event [topic=GUI/message/info]: -1.0
2015-09-18 14:09:48,050 DEBUG de.twenty11.skysail.server.core.osgi.EventHelper - about to post event org.osgi.service.event.Event [topic=GUI/message/info]: -1.0
2015-09-18 14:09:58,050 DEBUG de.twenty11.skysail.server.core.osgi.EventHelper - about to post event org.osgi.service.event.Event [topic=GUI/message/info]: -1.0
2015-09-18 14:10:08,050 DEBUG de.twenty11.skysail.server.core.osgi.EventHelper - about to post event org.osgi.service.event.Event [topic=GUI/message/info]: -1.0
2015-09-18 14:10:08,051 DEBUG de.twenty11.skysail.server.core.osgi.EventHelper - about to post event org.osgi.service.event.Event [topic=GUI/message/info]: 14:10
2015-09-18 14:10:18,050 DEBUG de.twenty11.skysail.server.core.osgi.EventHelper - about to post event org.osgi.service.event.Event [topic=GUI/message/info]: -1.0
2015-09-18 14:10:28,050 DEBUG de.twenty11.skysail.server.core.osgi.EventHelper - about to post event org.osgi.service.event.Event [topic=GUI/message/info]: -1.0
2015-09-18 14:10:38,050 DEBUG de.twenty11.skysail.server.core.osgi.EventHelper - about to post event org.osgi.service.event.Event [topic=GUI/message/info]: -1.0
2015-09-18 14:10:48,050 DEBUG de.twenty11.skysail.server.core.osgi.EventHelper - about to post event org.osgi.service.event.Event [topic=GUI/message/info]: -1.0
2015-09-18 14:10:58,050 DEBUG de.twenty11.skysail.server.core.osgi.EventHelper - about to post event org.osgi.service.event.Event [topic=GUI/message/info]: -1.0
2015-09-18 14:11:08,050 DEBUG de.twenty11.skysail.server.core.osgi.EventHelper - about to post event org.osgi.service.event.Event [topic=GUI/message/info]: -1.0
2015-09-18 14:11:08,051 DEBUG de.twenty11.skysail.server.core.osgi.EventHelper - about to post event org.osgi.service.event.Event [topic=GUI/message/info]: 14:11
2015-09-18 14:11:18,050 DEBUG de.twenty11.skysail.server.core.osgi.EventHelper - about to post event org.osgi.service.event.Event [topic=GUI/message/info]: -1.0
2015-09-18 14:11:28,050 DEBUG de.twenty11.skysail.server.core.osgi.EventHelper - about to post event org.osgi.service.event.Event [topic=GUI/message/info]: -1.0
2015-09-18 14:11:38,057 DEBUG de.twenty11.skysail.server.core.osgi.EventHelper - about to post event org.osgi.service.event.Event [topic=GUI/message/info]: -1.0
2015-09-18 14:11:48,050 DEBUG de.twenty11.skysail.server.core.osgi.EventHelper - about to post event org.osgi.service.event.Event [topic=GUI/message/info]: -1.0
2015-09-18 14:11:58,050 DEBUG de.twenty11.skysail.server.core.osgi.EventHelper - about to post event org.osgi.service.event.Event [topic=GUI/message/info]: -1.0
2015-09-18 14:12:08,050 DEBUG de.twenty11.skysail.server.core.osgi.EventHelper - about to post event org.osgi.service.event.Event [topic=GUI/message/info]: -1.0
2015-09-18 14:12:08,051 DEBUG de.twenty11.skysail.server.core.osgi.EventHelper - about to post event org.osgi.service.event.Event [topic=GUI/message/info]: 14:12
2015-09-18 14:12:18,061 DEBUG de.twenty11.skysail.server.core.osgi.EventHelper - about to post event org.osgi.service.event.Event [topic=GUI/message/info]: -1.0
2015-09-18 14:12:28,050 DEBUG de.twenty11.skysail.server.core.osgi.EventHelper - about to post event org.osgi.service.event.Event [topic=GUI/message/info]: -1.0
2015-09-18 14:12:38,055 DEBUG de.twenty11.skysail.server.core.osgi.EventHelper - about to post event org.osgi.service.event.Event [topic=GUI/message/info]: -1.0
2015-09-18 14:12:48,050 DEBUG de.twenty11.skysail.server.core.osgi.EventHelper - about to post event org.osgi.service.event.Event [topic=GUI/message/info]: -1.0
2015-09-18 14:12:58,050 DEBUG de.twenty11.skysail.server.core.osgi.EventHelper - about to post event org.osgi.service.event.Event [topic=GUI/message/info]: -1.0
2015-09-18 14:13:08,050 DEBUG de.twenty11.skysail.server.core.osgi.EventHelper - about to post event org.osgi.service.event.Event [topic=GUI/message/info]: -1.0
2015-09-18 14:13:08,051 DEBUG de.twenty11.skysail.server.core.osgi.EventHelper - about to post event org.osgi.service.event.Event [topic=GUI/message/info]: 14:13
2015-09-18 14:13:18,050 DEBUG de.twenty11.skysail.server.core.osgi.EventHelper - about to post event org.osgi.service.event.Event [topic=GUI/message/info]: -1.0
2015-09-18 14:13:28,050 DEBUG de.twenty11.skysail.server.core.osgi.EventHelper - about to post event org.osgi.service.event.Event [topic=GUI/message/info]: -1.0
2015-09-18 14:13:38,050 DEBUG de.twenty11.skysail.server.core.osgi.EventHelper - about to post event org.osgi.service.event.Event [topic=GUI/message/info]: -1.0
2015-09-18 14:13:48,050 DEBUG de.twenty11.skysail.server.core.osgi.EventHelper - about to post event org.osgi.service.event.Event [topic=GUI/message/info]: -1.0
2015-09-18 14:13:58,050 DEBUG de.twenty11.skysail.server.core.osgi.EventHelper - about to post event org.osgi.service.event.Event [topic=GUI/message/info]: -1.0
2015-09-18 14:14:08,050 DEBUG de.twenty11.skysail.server.core.osgi.EventHelper - about to post event org.osgi.service.event.Event [topic=GUI/message/info]: -1.0
2015-09-18 14:14:08,051 DEBUG de.twenty11.skysail.server.core.osgi.EventHelper - about to post event org.osgi.service.event.Event [topic=GUI/message/info]: 14:14
2015-09-18 14:14:18,050 DEBUG de.twenty11.skysail.server.core.osgi.EventHelper - about to post event org.osgi.service.event.Event [topic=GUI/message/info]: -1.0
2015-09-18 14:14:28,050 DEBUG de.twenty11.skysail.server.core.osgi.EventHelper - about to post event org.osgi.service.event.Event [topic=GUI/message/info]: -1.0
2015-09-18 14:14:38,050 DEBUG de.twenty11.skysail.server.core.osgi.EventHelper - about to post event org.osgi.service.event.Event [topic=GUI/message/info]: -1.0
2015-09-18 14:14:48,050 DEBUG de.twenty11.skysail.server.core.osgi.EventHelper - about to post event org.osgi.service.event.Event [topic=GUI/message/info]: -1.0
2015-09-18 14:14:58,050 DEBUG de.twenty11.skysail.server.core.osgi.EventHelper - about to post event org.osgi.service.event.Event [topic=GUI/message/info]: -1.0
2015-09-18 14:15:08,050 DEBUG de.twenty11.skysail.server.core.osgi.EventHelper - about to post event org.osgi.service.event.Event [topic=GUI/message/info]: -1.0
2015-09-18 14:15:08,051 DEBUG de.twenty11.skysail.server.core.osgi.EventHelper - about to post event org.osgi.service.event.Event [topic=GUI/message/info]: 14:15
2015-09-18 14:15:18,050 DEBUG de.twenty11.skysail.server.core.osgi.EventHelper - about to post event org.osgi.service.event.Event [topic=GUI/message/info]: -1.0
2015-09-18 14:15:28,050 DEBUG de.twenty11.skysail.server.core.osgi.EventHelper - about to post event org.osgi.service.event.Event [topic=GUI/message/info]: -1.0
