WARN  de.twenty11.skysail.server.core.restlet.SkysailRouter - please use a RouteBuilder to attach this resource: class de.twenty11.skysail.server.resources.DefaultResource
WARN  de.twenty11.skysail.server.core.restlet.SkysailRouter - please use a RouteBuilder to attach this resource: class de.twenty11.skysail.server.resources.LoginResource
WARN  de.twenty11.skysail.server.core.restlet.SkysailRouter - please use a RouteBuilder to attach this resource: class de.twenty11.skysail.server.resources.DemoLoginResource
WARN  de.twenty11.skysail.server.core.restlet.SkysailRouter - please use a RouteBuilder to attach this resource: class de.twenty11.skysail.server.resources.WelcomeResource
WARN  de.twenty11.skysail.server.core.restlet.SkysailRouter - please use a RouteBuilder to attach this resource: class de.twenty11.skysail.server.resources.RemoteLoginResource
WARN  io.skysail.server.app.SkysailApplication - not documentation provider available. No Selfdocumentation of APIs.
WARN  io.skysail.server.app.SkysailApplication - not documentation provider available. No Selfdocumentation of APIs.
WARN  io.skysail.server.app.SkysailApplication - not documentation provider available. No Selfdocumentation of APIs.
WARN  de.twenty11.skysail.server.core.restlet.SkysailRouter - please use a RouteBuilder to attach this resource: class io.skysail.server.um.simple.app.users.resources.CurrentUserResource
ERROR i.skysail.server.restlet.filter.ExceptionCatchingFilter - null
java.lang.NullPointerException: null
	at io.skysail.server.app.bb.AreasResource.getEntity(AreasResource.java:27) ~[na:na]
	at io.skysail.server.app.bb.AreasResource.getEntity(AreasResource.java:1) ~[na:na]
	at io.skysail.server.restlet.resources.SkysailServerResource.getEntity(SkysailServerResource.java:115) ~[skysail.server-8.0.0.jar:na]
	at io.skysail.server.restlet.filter.DataExtractingFilter.doHandle(DataExtractingFilter.java:20) ~[skysail.server-8.0.0.jar:na]
	at io.skysail.server.restlet.filter.AbstractResourceFilter.handle(AbstractResourceFilter.java:102) [skysail.server-8.0.0.jar:na]
	at io.skysail.server.restlet.filter.AbstractResourceFilter.doHandle(AbstractResourceFilter.java:81) [skysail.server-8.0.0.jar:na]
	at io.skysail.server.restlet.filter.AbstractResourceFilter.handle(AbstractResourceFilter.java:102) [skysail.server-8.0.0.jar:na]
	at io.skysail.server.restlet.filter.AbstractResourceFilter.doHandle(AbstractResourceFilter.java:81) [skysail.server-8.0.0.jar:na]
	at io.skysail.server.restlet.filter.AbstractResourceFilter.handle(AbstractResourceFilter.java:102) [skysail.server-8.0.0.jar:na]
	at io.skysail.server.restlet.filter.AbstractResourceFilter.doHandle(AbstractResourceFilter.java:81) [skysail.server-8.0.0.jar:na]
	at io.skysail.server.restlet.filter.AbstractResourceFilter.handle(AbstractResourceFilter.java:102) [skysail.server-8.0.0.jar:na]
	at io.skysail.server.restlet.filter.AbstractResourceFilter.doHandle(AbstractResourceFilter.java:81) [skysail.server-8.0.0.jar:na]
	at io.skysail.server.restlet.filter.ExceptionCatchingFilter.doHandle(ExceptionCatchingFilter.java:28) ~[skysail.server-8.0.0.jar:na]
	at io.skysail.server.restlet.filter.AbstractResourceFilter.handle(AbstractResourceFilter.java:102) [skysail.server-8.0.0.jar:na]
	at io.skysail.server.restlet.filter.AbstractResourceFilter.handle(AbstractResourceFilter.java:48) [skysail.server-8.0.0.jar:na]
	at io.skysail.server.restlet.resources.ListServerResource.listEntities(ListServerResource.java:141) [skysail.server-8.0.0.jar:na]
	at io.skysail.server.restlet.resources.ListServerResource.getEntities(ListServerResource.java:121) [skysail.server-8.0.0.jar:na]
	at sun.reflect.NativeMethodAccessorImpl.invoke0(Native Method) ~[na:1.8.0_20]
	at sun.reflect.NativeMethodAccessorImpl.invoke(NativeMethodAccessorImpl.java:62) ~[na:1.8.0_20]
	at sun.reflect.DelegatingMethodAccessorImpl.invoke(DelegatingMethodAccessorImpl.java:43) ~[na:1.8.0_20]
	at java.lang.reflect.Method.invoke(Method.java:483) ~[na:1.8.0_20]
	at org.restlet.resource.ServerResource.doHandle(ServerResource.java:520) [org.restlet.jar:na]
	at org.restlet.resource.ServerResource.get(ServerResource.java:742) [org.restlet.jar:na]
	at org.restlet.resource.ServerResource.doHandle(ServerResource.java:617) [org.restlet.jar:na]
	at org.restlet.resource.ServerResource.doNegotiatedHandle(ServerResource.java:678) [org.restlet.jar:na]
	at org.restlet.resource.ServerResource.doConditionalHandle(ServerResource.java:356) [org.restlet.jar:na]
	at org.restlet.resource.ServerResource.handle(ServerResource.java:1043) [org.restlet.jar:na]
	at org.restlet.resource.Finder.handle(Finder.java:236) [org.restlet.jar:na]
	at org.restlet.routing.Filter.doHandle(Filter.java:150) [org.restlet.jar:na]
	at org.restlet.routing.Filter.handle(Filter.java:197) [org.restlet.jar:na]
	at org.restlet.routing.Filter.doHandle(Filter.java:150) [org.restlet.jar:na]
	at org.restlet.routing.Filter.handle(Filter.java:197) [org.restlet.jar:na]
	at org.restlet.routing.Filter.doHandle(Filter.java:150) [org.restlet.jar:na]
	at org.restlet.routing.Filter.handle(Filter.java:197) [org.restlet.jar:na]
	at org.restlet.routing.Router.doHandle(Router.java:422) [org.restlet.jar:na]
	at org.restlet.routing.Router.handle(Router.java:639) [org.restlet.jar:na]
	at org.restlet.routing.Filter.doHandle(Filter.java:150) [org.restlet.jar:na]
	at org.restlet.routing.Filter.handle(Filter.java:197) [org.restlet.jar:na]
	at org.restlet.routing.Filter.doHandle(Filter.java:150) [org.restlet.jar:na]
	at org.restlet.routing.Filter.handle(Filter.java:197) [org.restlet.jar:na]
	at org.restlet.routing.Filter.doHandle(Filter.java:150) [org.restlet.jar:na]
	at org.restlet.routing.Filter.handle(Filter.java:197) [org.restlet.jar:na]
	at org.restlet.routing.Filter.doHandle(Filter.java:150) [org.restlet.jar:na]
	at org.restlet.routing.Filter.handle(Filter.java:197) [org.restlet.jar:na]
	at org.restlet.routing.Filter.doHandle(Filter.java:150) [org.restlet.jar:na]
	at org.restlet.routing.Filter.handle(Filter.java:197) [org.restlet.jar:na]
	at org.restlet.routing.Filter.doHandle(Filter.java:150) [org.restlet.jar:na]
	at org.restlet.routing.Filter.handle(Filter.java:197) [org.restlet.jar:na]
	at org.restlet.routing.Filter.doHandle(Filter.java:150) [org.restlet.jar:na]
	at org.restlet.engine.application.StatusFilter.doHandle(StatusFilter.java:140) [org.restlet.jar:na]
	at org.restlet.routing.Filter.handle(Filter.java:197) [org.restlet.jar:na]
	at org.restlet.routing.Filter.doHandle(Filter.java:150) [org.restlet.jar:na]
	at org.restlet.routing.Filter.handle(Filter.java:197) [org.restlet.jar:na]
	at org.restlet.engine.CompositeHelper.handle(CompositeHelper.java:202) [org.restlet.jar:na]
	at org.restlet.engine.application.ApplicationHelper.handle(ApplicationHelper.java:75) [org.restlet.jar:na]
	at org.restlet.Application.handle(Application.java:385) [org.restlet.jar:na]
	at org.restlet.routing.Filter.doHandle(Filter.java:150) [org.restlet.jar:na]
	at org.restlet.routing.Filter.handle(Filter.java:197) [org.restlet.jar:na]
	at org.restlet.routing.Router.doHandle(Router.java:422) [org.restlet.jar:na]
	at org.restlet.routing.Router.handle(Router.java:639) [org.restlet.jar:na]
	at org.restlet.routing.Filter.doHandle(Filter.java:150) [org.restlet.jar:na]
	at org.restlet.routing.Filter.handle(Filter.java:197) [org.restlet.jar:na]
	at org.restlet.routing.Router.doHandle(Router.java:422) [org.restlet.jar:na]
	at org.restlet.routing.Router.handle(Router.java:639) [org.restlet.jar:na]
	at org.restlet.routing.Filter.doHandle(Filter.java:150) [org.restlet.jar:na]
	at org.restlet.engine.application.StatusFilter.doHandle(StatusFilter.java:140) [org.restlet.jar:na]
	at org.restlet.routing.Filter.handle(Filter.java:197) [org.restlet.jar:na]
	at org.restlet.routing.Filter.doHandle(Filter.java:150) [org.restlet.jar:na]
	at org.restlet.routing.Filter.handle(Filter.java:197) [org.restlet.jar:na]
	at org.restlet.engine.CompositeHelper.handle(CompositeHelper.java:202) [org.restlet.jar:na]
	at org.restlet.Component.handle(Component.java:408) [org.restlet.jar:na]
	at org.restlet.Server.handle(Server.java:507) [org.restlet.jar:na]
	at org.restlet.engine.connector.ServerHelper.handle(ServerHelper.java:63) [org.restlet.jar:na]
	at org.restlet.engine.adapter.HttpServerHelper.handle(HttpServerHelper.java:143) [org.restlet.jar:na]
	at org.restlet.ext.jetty.JettyServerHelper$WrappedServer.handle(JettyServerHelper.java:273) [org.restlet.ext.jetty.jar:na]
	at org.eclipse.jetty.server.HttpChannel.handle(HttpChannel.java:310) [jetty-server-9.2.11.v20150529.jar:9.2.11.v20150529]
	at org.eclipse.jetty.server.HttpConnection.onFillable(HttpConnection.java:257) [jetty-server-9.2.11.v20150529.jar:9.2.11.v20150529]
	at org.eclipse.jetty.io.AbstractConnection$2.run(AbstractConnection.java:540) [jetty-io-9.2.11.v20150529.jar:9.2.11.v20150529]
	at org.eclipse.jetty.util.thread.QueuedThreadPool.runJob(QueuedThreadPool.java:635) [jetty-util-9.2.11.v20150529.jar:9.2.11.v20150529]
	at org.eclipse.jetty.util.thread.QueuedThreadPool$3.run(QueuedThreadPool.java:555) [jetty-util-9.2.11.v20150529.jar:9.2.11.v20150529]
	at java.lang.Thread.run(Thread.java:745) [na:1.8.0_20]
