#
# There is insufficient memory for the Java Runtime Environment to continue.
# Native memory allocation (malloc) failed to allocate 661856 bytes for Chunk::new
# Possible reasons:
#   The system is out of physical RAM or swap space
#   In 32 bit mode, the process size limit was hit
# Possible solutions:
#   Reduce memory load on the system
#   Increase physical memory or swap space
#   Check if swap backing store is full
#   Use 64 bit Java on a 64 bit OS
#   Decrease Java heap size (-Xmx/-Xms)
#   Decrease number of Java threads
#   Decrease Java thread stack sizes (-Xss)
#   Set larger code cache with -XX:ReservedCodeCacheSize=
# This output file may be truncated or incomplete.
#
#  Out of Memory Error (allocation.cpp:390), pid=1524, tid=0x00000000000035ec
#
# JRE version: Java(TM) SE Runtime Environment (8.0_144-b01) (build 1.8.0_144-b01)
# Java VM: Java HotSpot(TM) 64-Bit Server VM (25.144-b01 mixed mode windows-amd64 compressed oops)
# Failed to write core dump. Minidumps are not enabled by default on client versions of Windows
#

---------------  T H R E A D  ---------------

Current thread (0x000000001d9ce800):  JavaThread "C2 CompilerThread1" daemon [_thread_in_native, id=13804, stack(0x000000001f1c0000,0x000000001f2c0000)]

Stack: [0x000000001f1c0000,0x000000001f2c0000]
[error occurred during error reporting (printing stack bounds), id 0xc0000005]

Native frames: (J=compiled Java code, j=interpreted, Vv=VM code, C=native code)


Current CompileTask:
C2:    472  410 %     4       com.sun.tools.javac.file.ZipFileIndex$ZipDirectory::readEntry @ 102 (587 bytes)


---------------  P R O C E S S  ---------------

Java Threads: ( => current thread )
  0x000000001da5e000 JavaThread "Service Thread" daemon [_thread_blocked, id=11796, stack(0x000000001f630000,0x000000001f730000)]
  0x000000001d9d8800 JavaThread "C1 CompilerThread3" daemon [_thread_blocked, id=5816, stack(0x000000001ed60000,0x000000001ee60000)]
  0x000000001d9d7800 JavaThread "C2 CompilerThread2" daemon [_thread_in_native, id=7740, stack(0x000000001f470000,0x000000001f570000)]
=>0x000000001d9ce800 JavaThread "C2 CompilerThread1" daemon [_thread_in_native, id=13804, stack(0x000000001f1c0000,0x000000001f2c0000)]
  0x000000001d9c2800 JavaThread "C2 CompilerThread0" daemon [_thread_blocked, id=14176, stack(0x000000001f320000,0x000000001f420000)]
  0x000000001d9c1000 JavaThread "Attach Listener" daemon [_thread_blocked, id=8932, stack(0x000000001f090000,0x000000001f190000)]
  0x000000001d9c0000 JavaThread "Signal Dispatcher" daemon [_thread_blocked, id=9248, stack(0x000000001eeb0000,0x000000001efb0000)]
  0x000000001ca20000 JavaThread "Finalizer" daemon [_thread_blocked, id=11920, stack(0x000000001eb50000,0x000000001ec50000)]
  0x000000001ca19000 JavaThread "Reference Handler" daemon [_thread_blocked, id=12536, stack(0x000000001ec60000,0x000000001ed60000)]
  0x0000000001eba000 JavaThread "main" [_thread_in_Java, id=12388, stack(0x0000000002580000,0x0000000002680000)]

Other Threads:
  0x000000001d973000 VMThread [stack: 0x000000001e9a0000,0x000000001eaa0000] [id=12164]
  0x000000001da85000 WatcherThread [stack: 0x000000001f920000,0x000000001fa20000] [id=396]

VM state:not at safepoint (normal execution)

VM Mutex/Monitor currently owned by a thread: None

Heap:
 PSYoungGen      total 6656K, used 4510K [0x000000076b400000, 0x000000076bb00000, 0x00000007c0000000)
  eden space 6144K, 73% used [0x000000076b400000,0x000000076b8695f8,0x000000076ba00000)
  from space 512K, 0% used [0x000000076ba80000,0x000000076ba80000,0x000000076bb00000)
  to   space 512K, 0% used [0x000000076ba00000,0x000000076ba00000,0x000000076ba80000)
 ParOldGen       total 7168K, used 5227K [0x00000006c1c00000, 0x00000006c2300000, 0x000000076b400000)
  object space 7168K, 72% used [0x00000006c1c00000,0x00000006c211ae38,0x00000006c2300000)
 Metaspace       used 7175K, capacity 8020K, committed 8192K, reserved 1056768K
  class space    used 877K, capacity 912K, committed 1024K, reserved 1048576K

Card table byte_map: [0x0000000011de0000,0x00000000125e0000] byte_map_base: 0x000000000e7d2000

Marking Bits: (ParMarkBitMap*) 0x0000000071eed850
 Begin Bits: [0x0000000013910000, 0x00000000178a0000)
 End Bits:   [0x00000000178a0000, 0x000000001b830000)

Polling page: 0x0000000001c90000

CodeCache: size=245760Kb used=2275Kb max_used=2276Kb free=243484Kb
 bounds [0x0000000002a20000, 0x0000000002c90000, 0x0000000011a20000]
 total_blobs=736 nmethods=456 adapters=193
 compilation: enabled

Compilation events (10 events):
Event: 0.455 Thread 0x000000001d9c2800  453       4       java.util.HashMap::putVal (300 bytes)
Event: 0.455 Thread 0x000000001d9d7800 nmethod 452 0x0000000002c4ed10 code [0x0000000002c4ee60, 0x0000000002c4f158]
Event: 0.462 Thread 0x000000001d9c2800 nmethod 453 0x0000000002c52450 code [0x0000000002c52600, 0x0000000002c52ce8]
Event: 0.465 Thread 0x000000001d9d7800  454       4       com.sun.tools.javac.file.ZipFileIndex::getRelativeDirectory (62 bytes)
Event: 0.466 Thread 0x000000001d9d8800  455       3       java.util.ComparableTimSort::mergeHi (729 bytes)
Event: 0.467 Thread 0x000000001d9d8800 nmethod 455 0x0000000002c56bd0 code [0x0000000002c56f20, 0x0000000002c59478]
Event: 0.467 Thread 0x000000001d9d8800  456       3       java.util.Arrays::copyOf (46 bytes)
Event: 0.468 Thread 0x000000001d9d8800 nmethod 456 0x0000000002c519d0 code [0x0000000002c51b80, 0x0000000002c52228]
Event: 0.470 Thread 0x000000001d9d8800  457       3       java.util.Arrays::copyOf (13 bytes)
Event: 0.470 Thread 0x000000001d9d8800 nmethod 457 0x0000000002c566d0 code [0x0000000002c56840, 0x0000000002c56a48]

GC Heap History (10 events):
Event: 0.204 GC heap before
{Heap before GC invocations=3 (full 0):
 PSYoungGen      total 3584K, used 3552K [0x000000076b400000, 0x000000076b800000, 0x00000007c0000000)
  eden space 3072K, 100% used [0x000000076b400000,0x000000076b700000,0x000000076b700000)
  from space 512K, 93% used [0x000000076b780000,0x000000076b7f8020,0x000000076b800000)
  to   space 512K, 0% used [0x000000076b700000,0x000000076b700000,0x000000076b780000)
 ParOldGen       total 5632K, used 180K [0x00000006c1c00000, 0x00000006c2180000, 0x000000076b400000)
  object space 5632K, 3% used [0x00000006c1c00000,0x00000006c1c2d030,0x00000006c2180000)
 Metaspace       used 5284K, capacity 6356K, committed 6656K, reserved 1056768K
  class space    used 645K, capacity 656K, committed 768K, reserved 1048576K
Event: 0.206 GC heap after
Heap after GC invocations=3 (full 0):
 PSYoungGen      total 3584K, used 480K [0x000000076b400000, 0x000000076bb00000, 0x00000007c0000000)
  eden space 3072K, 0% used [0x000000076b400000,0x000000076b400000,0x000000076b700000)
  from space 512K, 93% used [0x000000076b700000,0x000000076b778020,0x000000076b780000)
  to   space 512K, 0% used [0x000000076ba80000,0x000000076ba80000,0x000000076bb00000)
 ParOldGen       total 5632K, used 540K [0x00000006c1c00000, 0x00000006c2180000, 0x000000076b400000)
  object space 5632K, 9% used [0x00000006c1c00000,0x00000006c1c87040,0x00000006c2180000)
 Metaspace       used 5284K, capacity 6356K, committed 6656K, reserved 1056768K
  class space    used 645K, capacity 656K, committed 768K, reserved 1048576K
}
Event: 0.267 GC heap before
{Heap before GC invocations=4 (full 0):
 PSYoungGen      total 3584K, used 3541K [0x000000076b400000, 0x000000076bb00000, 0x00000007c0000000)
  eden space 3072K, 99% used [0x000000076b400000,0x000000076b6fd410,0x000000076b700000)
  from space 512K, 93% used [0x000000076b700000,0x000000076b778020,0x000000076b780000)
  to   space 512K, 0% used [0x000000076ba80000,0x000000076ba80000,0x000000076bb00000)
 ParOldGen       total 5632K, used 540K [0x00000006c1c00000, 0x00000006c2180000, 0x000000076b400000)
  object space 5632K, 9% used [0x00000006c1c00000,0x00000006c1c87040,0x00000006c2180000)
 Metaspace       used 6389K, capacity 7444K, committed 7552K, reserved 1056768K
  class space    used 797K, capacity 848K, committed 896K, reserved 1048576K
Event: 0.271 GC heap after
Heap after GC invocations=4 (full 0):
 PSYoungGen      total 6656K, used 480K [0x000000076b400000, 0x000000076bb00000, 0x00000007c0000000)
  eden space 6144K, 0% used [0x000000076b400000,0x000000076b400000,0x000000076ba00000)
  from space 512K, 93% used [0x000000076ba80000,0x000000076baf8020,0x000000076bb00000)
  to   space 512K, 0% used [0x000000076ba00000,0x000000076ba00000,0x000000076ba80000)
 ParOldGen       total 5632K, used 944K [0x00000006c1c00000, 0x00000006c2180000, 0x000000076b400000)
  object space 5632K, 16% used [0x00000006c1c00000,0x00000006c1cec050,0x00000006c2180000)
 Metaspace       used 6389K, capacity 7444K, committed 7552K, reserved 1056768K
  class space    used 797K, capacity 848K, committed 896K, reserved 1048576K
}
Event: 0.359 GC heap before
{Heap before GC invocations=5 (full 0):
 PSYoungGen      total 6656K, used 5869K [0x000000076b400000, 0x000000076bb00000, 0x00000007c0000000)
  eden space 6144K, 87% used [0x000000076b400000,0x000000076b9433f8,0x000000076ba00000)
  from space 512K, 93% used [0x000000076ba80000,0x000000076baf8020,0x000000076bb00000)
  to   space 512K, 0% used [0x000000076ba00000,0x000000076ba00000,0x000000076ba80000)
 ParOldGen       total 5632K, used 944K [0x00000006c1c00000, 0x00000006c2180000, 0x000000076b400000)
  object space 5632K, 16% used [0x00000006c1c00000,0x00000006c1cec050,0x00000006c2180000)
 Metaspace       used 7142K, capacity 8020K, committed 8192K, reserved 1056768K
  class space    used 877K, capacity 912K, committed 1024K, reserved 1048576K
Event: 0.363 GC heap after
Heap after GC invocations=5 (full 0):
 PSYoungGen      total 6656K, used 512K [0x000000076b400000, 0x000000076bb00000, 0x00000007c0000000)
  eden space 6144K, 0% used [0x000000076b400000,0x000000076b400000,0x000000076ba00000)
  from space 512K, 100% used [0x000000076ba00000,0x000000076ba80000,0x000000076ba80000)
  to   space 512K, 0% used [0x000000076ba80000,0x000000076ba80000,0x000000076bb00000)
 ParOldGen       total 5632K, used 2007K [0x00000006c1c00000, 0x00000006c2180000, 0x000000076b400000)
  object space 5632K, 35% used [0x00000006c1c00000,0x00000006c1df5ee8,0x00000006c2180000)
 Metaspace       used 7142K, capacity 8020K, committed 8192K, reserved 1056768K
  class space    used 877K, capacity 912K, committed 1024K, reserved 1048576K
}
Event: 0.404 GC heap before
{Heap before GC invocations=6 (full 0):
 PSYoungGen      total 6656K, used 6656K [0x000000076b400000, 0x000000076bb00000, 0x00000007c0000000)
  eden space 6144K, 100% used [0x000000076b400000,0x000000076ba00000,0x000000076ba00000)
  from space 512K, 100% used [0x000000076ba00000,0x000000076ba80000,0x000000076ba80000)
  to   space 512K, 0% used [0x000000076ba80000,0x000000076ba80000,0x000000076bb00000)
 ParOldGen       total 5632K, used 2007K [0x00000006c1c00000, 0x00000006c2180000, 0x000000076b400000)
  object space 5632K, 35% used [0x00000006c1c00000,0x00000006c1df5ee8,0x00000006c2180000)
 Metaspace       used 7171K, capacity 8020K, committed 8192K, reserved 1056768K
  class space    used 877K, capacity 912K, committed 1024K, reserved 1048576K
Event: 0.409 GC heap after
Heap after GC invocations=6 (full 0):
 PSYoungGen      total 6656K, used 512K [0x000000076b400000, 0x000000076bb00000, 0x00000007c0000000)
  eden space 6144K, 0% used [0x000000076b400000,0x000000076b400000,0x000000076ba00000)
  from space 512K, 100% used [0x000000076ba80000,0x000000076bb00000,0x000000076bb00000)
  to   space 512K, 0% used [0x000000076ba00000,0x000000076ba00000,0x000000076ba80000)
 ParOldGen       total 7168K, used 5675K [0x00000006c1c00000, 0x00000006c2300000, 0x000000076b400000)
  object space 7168K, 79% used [0x00000006c1c00000,0x00000006c218adc0,0x00000006c2300000)
 Metaspace       used 7171K, capacity 8020K, committed 8192K, reserved 1056768K
  class space    used 877K, capacity 912K, committed 1024K, reserved 1048576K
}
Event: 0.409 GC heap before
{Heap before GC invocations=7 (full 1):
 PSYoungGen      total 6656K, used 512K [0x000000076b400000, 0x000000076bb00000, 0x00000007c0000000)
  eden space 6144K, 0% used [0x000000076b400000,0x000000076b400000,0x000000076ba00000)
  from space 512K, 100% used [0x000000076ba80000,0x000000076bb00000,0x000000076bb00000)
  to   space 512K, 0% used [0x000000076ba00000,0x000000076ba00000,0x000000076ba80000)
 ParOldGen       total 7168K, used 5675K [0x00000006c1c00000, 0x00000006c2300000, 0x000000076b400000)
  object space 7168K, 79% used [0x00000006c1c00000,0x00000006c218adc0,0x00000006c2300000)
 Metaspace       used 7171K, capacity 8020K, committed 8192K, reserved 1056768K
  class space    used 877K, capacity 912K, committed 1024K, reserved 1048576K
Event: 0.446 GC heap after
Heap after GC invocations=7 (full 1):
 PSYoungGen      total 6656K, used 0K [0x000000076b400000, 0x000000076bb00000, 0x00000007c0000000)
  eden space 6144K, 0% used [0x000000076b400000,0x000000076b400000,0x000000076ba00000)
  from space 512K, 0% used [0x000000076ba80000,0x000000076ba80000,0x000000076bb00000)
  to   space 512K, 0% used [0x000000076ba00000,0x000000076ba00000,0x000000076ba80000)
 ParOldGen       total 7168K, used 5227K [0x00000006c1c00000, 0x00000006c2300000, 0x000000076b400000)
  object space 7168K, 72% used [0x00000006c1c00000,0x00000006c211ae38,0x00000006c2300000)
 Metaspace       used 7171K, capacity 8020K, committed 8192K, reserved 1056768K
  class space    used 877K, capacity 912K, committed 1024K, reserved 1048576K
}

Deoptimization events (2 events):
Event: 0.305 Thread 0x0000000001eba000 Uncommon trap: reason=unstable_if action=reinterpret pc=0x0000000002bf87d4 method=com.sun.tools.javac.parser.UnicodeReader.putChar(CZ)V @ 33
Event: 0.356 Thread 0x0000000001eba000 Uncommon trap: reason=unstable_if action=reinterpret pc=0x0000000002be5a7c method=java.lang.String.<init>([CII)V @ 18

Internal exceptions (10 events):
Event: 0.027 Thread 0x0000000001eba000 Exception <a 'java/lang/NoSuchMethodError': Method sun.misc.Unsafe.defineClass(Ljava/lang/String;[BII)Ljava/lang/Class; name or signature does not match> (0x000000076b407cd8) thrown at [C:\re\workspace\8-2-build-windows-amd64-cygwin\jdk8u144\9417\hotspot\
Event: 0.027 Thread 0x0000000001eba000 Exception <a 'java/lang/NoSuchMethodError': Method sun.misc.Unsafe.prefetchRead(Ljava/lang/Object;J)V name or signature does not match> (0x000000076b407fc0) thrown at [C:\re\workspace\8-2-build-windows-amd64-cygwin\jdk8u144\9417\hotspot\src\share\vm\prims
Event: 0.109 Thread 0x0000000001eba000 Exception <a 'java/security/PrivilegedActionException'> (0x000000076b572868) thrown at [C:\re\workspace\8-2-build-windows-amd64-cygwin\jdk8u144\9417\hotspot\src\share\vm\prims\jvm.cpp, line 1390]
Event: 0.109 Thread 0x0000000001eba000 Exception <a 'java/security/PrivilegedActionException'> (0x000000076b572c60) thrown at [C:\re\workspace\8-2-build-windows-amd64-cygwin\jdk8u144\9417\hotspot\src\share\vm\prims\jvm.cpp, line 1390]
Event: 0.109 Thread 0x0000000001eba000 Exception <a 'java/security/PrivilegedActionException'> (0x000000076b5755c8) thrown at [C:\re\workspace\8-2-build-windows-amd64-cygwin\jdk8u144\9417\hotspot\src\share\vm\prims\jvm.cpp, line 1390]
Event: 0.109 Thread 0x0000000001eba000 Exception <a 'java/security/PrivilegedActionException'> (0x000000076b5759c0) thrown at [C:\re\workspace\8-2-build-windows-amd64-cygwin\jdk8u144\9417\hotspot\src\share\vm\prims\jvm.cpp, line 1390]
Event: 0.119 Thread 0x0000000001eba000 Exception <a 'java/security/PrivilegedActionException'> (0x000000076b40aaf0) thrown at [C:\re\workspace\8-2-build-windows-amd64-cygwin\jdk8u144\9417\hotspot\src\share\vm\prims\jvm.cpp, line 1390]
Event: 0.119 Thread 0x0000000001eba000 Exception <a 'java/security/PrivilegedActionException'> (0x000000076b40aee8) thrown at [C:\re\workspace\8-2-build-windows-amd64-cygwin\jdk8u144\9417\hotspot\src\share\vm\prims\jvm.cpp, line 1390]
Event: 0.396 Thread 0x0000000001eba000 Exception <a 'java/io/FileNotFoundException'> (0x000000076b82ce78) thrown at [C:\re\workspace\8-2-build-windows-amd64-cygwin\jdk8u144\9417\hotspot\src\share\vm\prims\jni.cpp, line 709]
Event: 0.399 Thread 0x0000000001eba000 Exception <a 'java/io/FileNotFoundException'> (0x000000076b860ca8) thrown at [C:\re\workspace\8-2-build-windows-amd64-cygwin\jdk8u144\9417\hotspot\src\share\vm\prims\jni.cpp, line 709]

Events (10 events):
Event: 0.356 loading class java/util/ComparableTimSort
Event: 0.356 loading class java/util/ComparableTimSort done
Event: 0.357 loading class java/io/RandomAccessFile$1
Event: 0.357 loading class java/io/RandomAccessFile$1 done
Event: 0.359 Executing VM operation: ParallelGCFailedAllocation
Event: 0.363 Executing VM operation: ParallelGCFailedAllocation done
Event: 0.396 loading class com/sun/tools/javac/file/JavacFileManager$MissingArchive
Event: 0.397 loading class com/sun/tools/javac/file/JavacFileManager$MissingArchive done
Event: 0.404 Executing VM operation: ParallelGCFailedAllocation
Event: 0.446 Executing VM operation: ParallelGCFailedAllocation done


Dynamic libraries:
0x000000013fd20000 - 0x000000013fd27000 	C:\Java\jdk1.8.0_144\bin\javac.exe
0x0000000077a30000 - 0x0000000077bda000 	C:\Windows\SYSTEM32\ntdll.dll
0x0000000077810000 - 0x000000007792f000 	C:\Windows\system32\kernel32.dll
0x000007fefda10000 - 0x000007fefda7a000 	C:\Windows\system32\KERNELBASE.dll
0x000000006b620000 - 0x000000006b64f000 	C:\Java\jdk1.8.0_144\bin\jli.dll
0x000007fefe560000 - 0x000007fefe63b000 	C:\Windows\system32\ADVAPI32.dll
0x000007fefdb70000 - 0x000007fefdc0f000 	C:\Windows\system32\msvcrt.dll
0x000007fefdae0000 - 0x000007fefdaff000 	C:\Windows\SYSTEM32\sechost.dll
0x000007feffb00000 - 0x000007feffc2d000 	C:\Windows\system32\RPCRT4.dll
0x000007fefd000000 - 0x000007fefd1f4000 	C:\Windows\WinSxS\amd64_microsoft.windows.common-controls_6595b64144ccf1df_6.0.7601.23403_none_e36ad4593102f066\COMCTL32.dll
0x000007fefdb00000 - 0x000007fefdb67000 	C:\Windows\system32\GDI32.dll
0x0000000077930000 - 0x0000000077a2a000 	C:\Windows\system32\USER32.dll
0x000007feff3f0000 - 0x000007feff3fe000 	C:\Windows\system32\LPK.dll
0x000007feff400000 - 0x000007feff4cb000 	C:\Windows\system32\USP10.dll
0x000007fefe2e0000 - 0x000007fefe351000 	C:\Windows\system32\SHLWAPI.dll
0x0000000067c40000 - 0x0000000067d12000 	C:\Java\jdk1.8.0_144\bin\MSVCR100.dll
0x000007fefdc10000 - 0x000007fefdc3e000 	C:\Windows\system32\IMM32.DLL
0x000007feffc30000 - 0x000007feffd39000 	C:\Windows\system32\MSCTF.dll
0x0000000075460000 - 0x0000000075499000 	C:\PROGRA~2\Sophos\SOPHOS~1\SOPHOS~2.DLL
0x0000000077bf0000 - 0x0000000077bf7000 	C:\Windows\system32\PSAPI.DLL
0x0000000071fd0000 - 0x00000000720a2000 	C:\Java\jdk1.8.0_144\jre\bin\msvcr100.dll
0x00000000716d0000 - 0x0000000071f6d000 	C:\Java\jdk1.8.0_144\jre\bin\server\jvm.dll
0x000007fef5960000 - 0x000007fef5969000 	C:\Windows\system32\WSOCK32.dll
0x000007feff7a0000 - 0x000007feff7ed000 	C:\Windows\system32\WS2_32.dll
0x000007feff7f0000 - 0x000007feff7f8000 	C:\Windows\system32\NSI.dll
0x000007fefb000000 - 0x000007fefb03b000 	C:\Windows\system32\WINMM.dll
0x000007fefc2d0000 - 0x000007fefc2dc000 	C:\Windows\system32\VERSION.dll
0x00000000716c0000 - 0x00000000716cf000 	C:\Java\jdk1.8.0_144\jre\bin\verify.dll
0x0000000071540000 - 0x0000000071569000 	C:\Java\jdk1.8.0_144\jre\bin\java.dll
0x0000000071520000 - 0x0000000071536000 	C:\Java\jdk1.8.0_144\jre\bin\zip.dll
0x000007fefe640000 - 0x000007feff3ca000 	C:\Windows\system32\SHELL32.dll
0x000007feff800000 - 0x000007feff9fc000 	C:\Windows\system32\ole32.dll
0x000007fefd730000 - 0x000007fefd73f000 	C:\Windows\system32\profapi.dll

VM Arguments:
jvm_args: -Dapplication.home=C:\Java\jdk1.8.0_144 -Xms8m -Doracle.net.tns_admin=Q:\Programme\Oracle\NETWORK\ADMIN 
java_command: com.sun.tools.javac.Main @C:/Users/graefca/AppData/Local/Temp/sbt_8fb5ed9d/argfile
java_class_path (initial): C:\Java\jdk1.8.0_144/lib/tools.jar;C:\Java\jdk1.8.0_144/classes
Launcher Type: SUN_STANDARD

Environment Variables:
JAVA_HOME=C:\Java\jdk1.8.0_144
_JAVA_OPTIONS=-Doracle.net.tns_admin=Q:\Programme\Oracle\NETWORK\ADMIN
PATH=C:\ProgramData\Oracle\Java\javapath;C:\oraclexe\app\oracle\product\11.2.0\server\bin;C:\Programme\Ora11203\Client_1\bin;C:\Windows\system32;C:\Windows;C:\Windows\System32\Wbem;C:\Windows\System32\WindowsPowerShell\v1.0\;C:\Program Files (x86)\Subversion\bin;C:\Java\jdk1.8.0_144\bin;D:\dev\gradle\bin;c:\Program Files (x86)\Microsoft SQL Server\100\Tools\Binn\;c:\Program Files\Microsoft SQL Server\100\Tools\Binn\;c:\Program Files\Microsoft SQL Server\100\DTS\Binn\;c:\Program Files (x86)\Microsoft SQL Server\100\Tools\Binn\VSShell\Common7\IDE\;c:\Program Files (x86)\Microsoft SQL Server\100\DTS\Bin\;C:\Program Files (x86)\Mono-3.2.3\bin;C:\dev\groovy\bin;C:\tools\apache-ant-1.9.3\bin;C:\Program Files (x86)\Git\cmd;C:\tools\apache-maven-3.3.9\bin;C:\Program Files\TortoiseGit\bin;C:\Program Files (x86)\Enterprise Vault\EVClient\;c:\Program Files (x86)\Microsoft SQL Server\100\DTS\Binn\;C:\Users\graefca\AppData\Local\Mozilla Firefox;C:\tools\jbake-2.4.0\bin;C:\Program Files\Git\cmd;C:\tools\spring-1.5.9.RELEASE\bin;C:\Python27;C:\tools\activator-1.3.10-minimal\bin;C:\Program Files\Amazon\AWSCLI\;C:\Program Files (x86)\GTK2-Runtime\bin;C:\Programme\Gemeinsame Dateien\GTK\2.0\bin;C:\Program Files\TortoiseSVN\bin;C:\Program Files (x86)\scala\bin;C:\Program Files (x86)\Microsoft VS Code\bin;C:\Users\graefca\AppData\Local\atom\bin;C:\Program Files (x86)\NSIS;C:\tools\node-v6.10.0-win-x64;C:\tools\node-v6.10.0-win-x64\node_modules\npm\bin;C:\Program Files\Docker Toolbox;C:\Java\jdk1.8.0_144\bin
USERNAME=graefca
OS=Windows_NT
PROCESSOR_IDENTIFIER=Intel64 Family 6 Model 60 Stepping 3, GenuineIntel



---------------  S Y S T E M  ---------------

OS: Windows 7 , 64 bit Build 7601 (6.1.7601.23915)

CPU:total 8 (initial active 8) (4 cores per cpu, 2 threads per core) family 6 model 60 stepping 3, cmov, cx8, fxsr, mmx, sse, sse2, sse3, ssse3, sse4.1, sse4.2, popcnt, avx, avx2, aes, clmul, erms, lzcnt, ht, tsc, tscinvbit, bmi1, bmi2

Memory: 4k page, physical 16658648k(111052k free), swap 20801940k(5116k free)

vm_info: Java HotSpot(TM) 64-Bit Server VM (25.144-b01) for windows-amd64 JRE (1.8.0_144-b01), built on Jul 21 2017 21:57:33 by "java_re" with MS VC++ 10.0 (VS2010)

time: Wed Jan 10 14:38:53 2018
elapsed time: 0 seconds (0d 0h 0m 0s)

